11:00:04.907 [http-nio-8080-exec-6] INFO  console_logger  - ########### ВХОДЯЩИЙ ЗАПРОС НА ОТКРЫТИЕ ПЛАСТИКОВОЙ КАРТЫ ###########
11:00:04.912 [http-nio-8080-exec-6] INFO  console_logger  - runet-id:   7005555
11:00:04.914 [http-nio-8080-exec-6] INFO  console_logger  - url:   http://yandex.ru
11:00:04.917 [http-nio-8080-exec-6] INFO  console_logger  - referer:   http://localhost:8080/card?runet-id=7005555&url=http%3A%2F%2Fyandex.ru
11:00:04.940 [http-nio-8080-exec-6] ERROR console_logger  - У клиента уже есть пластиковая карта !!
11:00:10.229 [http-nio-8080-exec-3] INFO  console_logger  - ########### ВХОДЯЩИЙ ЗАПРОС НА ОТКРЫТИЕ ПЛАСТИКОВОЙ КАРТЫ ###########
11:00:10.231 [http-nio-8080-exec-3] INFO  console_logger  - runet-id:   7005555
11:00:10.232 [http-nio-8080-exec-3] INFO  console_logger  - url:   http://yandex.ru
11:00:10.232 [http-nio-8080-exec-3] INFO  console_logger  - referer:   http://localhost:8080/card?runet-id=7005555&url=http%3A%2F%2Fyandex.ru
11:00:10.247 [http-nio-8080-exec-3] ERROR console_logger  - У клиента уже есть пластиковая карта !!
11:00:15.416 [http-nio-8080-exec-1] INFO  console_logger  - ########### ВХОДЯЩИЙ ЗАПРОС НА ОТКРЫТИЕ ПЛАСТИКОВОЙ КАРТЫ ###########
11:00:15.416 [http-nio-8080-exec-1] INFO  console_logger  - runet-id:   7005555
11:00:15.416 [http-nio-8080-exec-1] INFO  console_logger  - url:   http://yandex.ru
11:00:15.416 [http-nio-8080-exec-1] INFO  console_logger  - referer:   http://localhost:8080/card?runet-id=7005555&url=http%3A%2F%2Fyandex.ru
11:00:15.431 [http-nio-8080-exec-1] ERROR console_logger  - У клиента уже есть пластиковая карта !!
11:00:20.579 [http-nio-8080-exec-6] INFO  console_logger  - ########### ВХОДЯЩИЙ ЗАПРОС НА ОТКРЫТИЕ ПЛАСТИКОВОЙ КАРТЫ ###########
11:00:20.579 [http-nio-8080-exec-6] INFO  console_logger  - runet-id:   7005555
11:00:20.580 [http-nio-8080-exec-6] INFO  console_logger  - url:   http://yandex.ru
11:00:20.580 [http-nio-8080-exec-6] INFO  console_logger  - referer:   http://localhost:8080/card?runet-id=7005555&url=http%3A%2F%2Fyandex.ru
11:00:20.595 [http-nio-8080-exec-6] ERROR console_logger  - У клиента уже есть пластиковая карта !!
11:00:25.787 [http-nio-8080-exec-3] INFO  console_logger  - ########### ВХОДЯЩИЙ ЗАПРОС НА ОТКРЫТИЕ ПЛАСТИКОВОЙ КАРТЫ ###########
11:00:25.787 [http-nio-8080-exec-3] INFO  console_logger  - runet-id:   7005555
11:00:25.787 [http-nio-8080-exec-3] INFO  console_logger  - url:   http://yandex.ru
11:00:25.789 [http-nio-8080-exec-3] INFO  console_logger  - referer:   http://localhost:8080/card?runet-id=7005555&url=http%3A%2F%2Fyandex.ru
11:00:25.806 [http-nio-8080-exec-3] ERROR console_logger  - У клиента уже есть пластиковая карта !!
11:00:31.004 [http-nio-8080-exec-8] INFO  console_logger  - ########### ВХОДЯЩИЙ ЗАПРОС НА ОТКРЫТИЕ ПЛАСТИКОВОЙ КАРТЫ ###########
11:00:31.004 [http-nio-8080-exec-8] INFO  console_logger  - runet-id:   7005555
11:00:31.005 [http-nio-8080-exec-8] INFO  console_logger  - url:   http://yandex.ru
11:00:31.005 [http-nio-8080-exec-8] INFO  console_logger  - referer:   http://localhost:8080/card?runet-id=7005555&url=http%3A%2F%2Fyandex.ru
11:00:31.021 [http-nio-8080-exec-8] ERROR console_logger  - У клиента уже есть пластиковая карта !!
11:00:36.217 [http-nio-8080-exec-6] INFO  console_logger  - ########### ВХОДЯЩИЙ ЗАПРОС НА ОТКРЫТИЕ ПЛАСТИКОВОЙ КАРТЫ ###########
11:00:36.218 [http-nio-8080-exec-6] INFO  console_logger  - runet-id:   7005555
11:00:36.218 [http-nio-8080-exec-6] INFO  console_logger  - url:   http://yandex.ru
11:00:36.218 [http-nio-8080-exec-6] INFO  console_logger  - referer:   http://localhost:8080/card?runet-id=7005555&url=http%3A%2F%2Fyandex.ru
11:00:36.233 [http-nio-8080-exec-6] ERROR console_logger  - У клиента уже есть пластиковая карта !!
11:00:41.385 [http-nio-8080-exec-10] INFO  console_logger  - ########### ВХОДЯЩИЙ ЗАПРОС НА ОТКРЫТИЕ ПЛАСТИКОВОЙ КАРТЫ ###########
11:00:41.385 [http-nio-8080-exec-10] INFO  console_logger  - runet-id:   7005555
11:00:41.386 [http-nio-8080-exec-10] INFO  console_logger  - url:   http://yandex.ru
11:00:41.387 [http-nio-8080-exec-10] INFO  console_logger  - referer:   http://localhost:8080/card?runet-id=7005555&url=http%3A%2F%2Fyandex.ru
11:00:41.412 [http-nio-8080-exec-10] ERROR console_logger  - У клиента уже есть пластиковая карта !!
11:00:46.554 [http-nio-8080-exec-5] INFO  console_logger  - ########### ВХОДЯЩИЙ ЗАПРОС НА ОТКРЫТИЕ ПЛАСТИКОВОЙ КАРТЫ ###########
11:00:46.555 [http-nio-8080-exec-5] INFO  console_logger  - runet-id:   7005555
11:00:46.555 [http-nio-8080-exec-5] INFO  console_logger  - url:   http://yandex.ru
11:00:46.555 [http-nio-8080-exec-5] INFO  console_logger  - referer:   http://localhost:8080/card?runet-id=7005555&url=http%3A%2F%2Fyandex.ru
11:00:46.568 [http-nio-8080-exec-5] ERROR console_logger  - У клиента уже есть пластиковая карта !!
11:00:51.736 [http-nio-8080-exec-8] INFO  console_logger  - ########### ВХОДЯЩИЙ ЗАПРОС НА ОТКРЫТИЕ ПЛАСТИКОВОЙ КАРТЫ ###########
11:00:51.736 [http-nio-8080-exec-8] INFO  console_logger  - runet-id:   7005555
11:00:51.737 [http-nio-8080-exec-8] INFO  console_logger  - url:   http://yandex.ru
11:00:51.737 [http-nio-8080-exec-8] INFO  console_logger  - referer:   http://localhost:8080/card?runet-id=7005555&url=http%3A%2F%2Fyandex.ru
11:00:51.752 [http-nio-8080-exec-8] ERROR console_logger  - У клиента уже есть пластиковая карта !!
11:00:56.901 [http-nio-8080-exec-9] INFO  console_logger  - ########### ВХОДЯЩИЙ ЗАПРОС НА ОТКРЫТИЕ ПЛАСТИКОВОЙ КАРТЫ ###########
11:00:56.901 [http-nio-8080-exec-9] INFO  console_logger  - runet-id:   7005555
11:00:56.901 [http-nio-8080-exec-9] INFO  console_logger  - url:   http://yandex.ru
11:00:56.901 [http-nio-8080-exec-9] INFO  console_logger  - referer:   http://localhost:8080/card?runet-id=7005555&url=http%3A%2F%2Fyandex.ru
11:00:56.924 [http-nio-8080-exec-9] ERROR console_logger  - У клиента уже есть пластиковая карта !!
11:01:02.073 [http-nio-8080-exec-2] INFO  console_logger  - ########### ВХОДЯЩИЙ ЗАПРОС НА ОТКРЫТИЕ ПЛАСТИКОВОЙ КАРТЫ ###########
11:01:02.074 [http-nio-8080-exec-2] INFO  console_logger  - runet-id:   7005555
11:01:02.075 [http-nio-8080-exec-2] INFO  console_logger  - url:   http://yandex.ru
11:01:02.075 [http-nio-8080-exec-2] INFO  console_logger  - referer:   http://localhost:8080/card?runet-id=7005555&url=http%3A%2F%2Fyandex.ru
11:01:02.093 [http-nio-8080-exec-2] ERROR console_logger  - У клиента уже есть пластиковая карта !!
11:01:07.310 [http-nio-8080-exec-9] INFO  console_logger  - ########### ВХОДЯЩИЙ ЗАПРОС НА ОТКРЫТИЕ ПЛАСТИКОВОЙ КАРТЫ ###########
11:01:07.310 [http-nio-8080-exec-9] INFO  console_logger  - runet-id:   7005555
11:01:07.310 [http-nio-8080-exec-9] INFO  console_logger  - url:   http://yandex.ru
11:01:07.312 [http-nio-8080-exec-9] INFO  console_logger  - referer:   http://localhost:8080/card?runet-id=7005555&url=http%3A%2F%2Fyandex.ru
11:01:07.325 [http-nio-8080-exec-9] ERROR console_logger  - У клиента уже есть пластиковая карта !!
11:01:12.491 [http-nio-8080-exec-1] INFO  console_logger  - ########### ВХОДЯЩИЙ ЗАПРОС НА ОТКРЫТИЕ ПЛАСТИКОВОЙ КАРТЫ ###########
11:01:12.491 [http-nio-8080-exec-1] INFO  console_logger  - runet-id:   7005555
11:01:12.493 [http-nio-8080-exec-1] INFO  console_logger  - url:   http://yandex.ru
11:01:12.493 [http-nio-8080-exec-1] INFO  console_logger  - referer:   http://localhost:8080/card?runet-id=7005555&url=http%3A%2F%2Fyandex.ru
11:01:12.514 [http-nio-8080-exec-1] ERROR console_logger  - У клиента уже есть пластиковая карта !!
11:01:17.672 [http-nio-8080-exec-3] INFO  console_logger  - ########### ВХОДЯЩИЙ ЗАПРОС НА ОТКРЫТИЕ ПЛАСТИКОВОЙ КАРТЫ ###########
11:01:17.672 [http-nio-8080-exec-3] INFO  console_logger  - runet-id:   7005555
11:01:17.672 [http-nio-8080-exec-3] INFO  console_logger  - url:   http://yandex.ru
11:01:17.672 [http-nio-8080-exec-3] INFO  console_logger  - referer:   http://localhost:8080/card?runet-id=7005555&url=http%3A%2F%2Fyandex.ru
11:01:17.685 [http-nio-8080-exec-3] ERROR console_logger  - У клиента уже есть пластиковая карта !!
11:01:22.859 [http-nio-8080-exec-8] INFO  console_logger  - ########### ВХОДЯЩИЙ ЗАПРОС НА ОТКРЫТИЕ ПЛАСТИКОВОЙ КАРТЫ ###########
11:01:22.859 [http-nio-8080-exec-8] INFO  console_logger  - runet-id:   7005555
11:01:22.860 [http-nio-8080-exec-8] INFO  console_logger  - url:   http://yandex.ru
11:01:22.860 [http-nio-8080-exec-8] INFO  console_logger  - referer:   http://localhost:8080/card?runet-id=7005555&url=http%3A%2F%2Fyandex.ru
11:01:22.873 [http-nio-8080-exec-8] ERROR console_logger  - У клиента уже есть пластиковая карта !!
11:01:28.008 [http-nio-8080-exec-1] INFO  console_logger  - ########### ВХОДЯЩИЙ ЗАПРОС НА ОТКРЫТИЕ ПЛАСТИКОВОЙ КАРТЫ ###########
11:01:28.009 [http-nio-8080-exec-1] INFO  console_logger  - runet-id:   7005555
11:01:28.009 [http-nio-8080-exec-1] INFO  console_logger  - url:   http://yandex.ru
11:01:28.010 [http-nio-8080-exec-1] INFO  console_logger  - referer:   http://localhost:8080/card?runet-id=7005555&url=http%3A%2F%2Fyandex.ru
11:01:28.024 [http-nio-8080-exec-1] ERROR console_logger  - У клиента уже есть пластиковая карта !!
11:01:33.207 [http-nio-8080-exec-7] INFO  console_logger  - ########### ВХОДЯЩИЙ ЗАПРОС НА ОТКРЫТИЕ ПЛАСТИКОВОЙ КАРТЫ ###########
11:01:33.207 [http-nio-8080-exec-7] INFO  console_logger  - runet-id:   7005555
11:01:33.208 [http-nio-8080-exec-7] INFO  console_logger  - url:   http://yandex.ru
11:01:33.208 [http-nio-8080-exec-7] INFO  console_logger  - referer:   http://localhost:8080/card?runet-id=7005555&url=http%3A%2F%2Fyandex.ru
11:01:33.220 [http-nio-8080-exec-7] ERROR console_logger  - У клиента уже есть пластиковая карта !!
11:01:38.367 [http-nio-8080-exec-4] INFO  console_logger  - ########### ВХОДЯЩИЙ ЗАПРОС НА ОТКРЫТИЕ ПЛАСТИКОВОЙ КАРТЫ ###########
11:01:38.368 [http-nio-8080-exec-4] INFO  console_logger  - runet-id:   7005555
11:01:38.368 [http-nio-8080-exec-4] INFO  console_logger  - url:   http://yandex.ru
11:01:38.368 [http-nio-8080-exec-4] INFO  console_logger  - referer:   http://localhost:8080/card?runet-id=7005555&url=http%3A%2F%2Fyandex.ru
11:01:38.390 [http-nio-8080-exec-4] ERROR console_logger  - У клиента уже есть пластиковая карта !!
11:01:43.525 [http-nio-8080-exec-2] INFO  console_logger  - ########### ВХОДЯЩИЙ ЗАПРОС НА ОТКРЫТИЕ ПЛАСТИКОВОЙ КАРТЫ ###########
11:01:43.525 [http-nio-8080-exec-2] INFO  console_logger  - runet-id:   7005555
11:01:43.526 [http-nio-8080-exec-2] INFO  console_logger  - url:   http://yandex.ru
11:01:43.526 [http-nio-8080-exec-2] INFO  console_logger  - referer:   http://localhost:8080/card?runet-id=7005555&url=http%3A%2F%2Fyandex.ru
11:01:43.539 [http-nio-8080-exec-2] ERROR console_logger  - У клиента уже есть пластиковая карта !!
11:01:48.693 [http-nio-8080-exec-3] INFO  console_logger  - ########### ВХОДЯЩИЙ ЗАПРОС НА ОТКРЫТИЕ ПЛАСТИКОВОЙ КАРТЫ ###########
11:01:48.693 [http-nio-8080-exec-3] INFO  console_logger  - runet-id:   7005555
11:01:48.693 [http-nio-8080-exec-3] INFO  console_logger  - url:   http://yandex.ru
11:01:48.695 [http-nio-8080-exec-3] INFO  console_logger  - referer:   http://localhost:8080/card?runet-id=7005555&url=http%3A%2F%2Fyandex.ru
11:01:48.716 [http-nio-8080-exec-3] ERROR console_logger  - У клиента уже есть пластиковая карта !!
11:01:53.861 [http-nio-8080-exec-5] INFO  console_logger  - ########### ВХОДЯЩИЙ ЗАПРОС НА ОТКРЫТИЕ ПЛАСТИКОВОЙ КАРТЫ ###########
11:01:53.861 [http-nio-8080-exec-5] INFO  console_logger  - runet-id:   7005555
11:01:53.861 [http-nio-8080-exec-5] INFO  console_logger  - url:   http://yandex.ru
11:01:53.861 [http-nio-8080-exec-5] INFO  console_logger  - referer:   http://localhost:8080/card?runet-id=7005555&url=http%3A%2F%2Fyandex.ru
11:01:53.874 [http-nio-8080-exec-5] ERROR console_logger  - У клиента уже есть пластиковая карта !!
11:01:59.031 [http-nio-8080-exec-7] INFO  console_logger  - ########### ВХОДЯЩИЙ ЗАПРОС НА ОТКРЫТИЕ ПЛАСТИКОВОЙ КАРТЫ ###########
11:01:59.031 [http-nio-8080-exec-7] INFO  console_logger  - runet-id:   7005555
11:01:59.031 [http-nio-8080-exec-7] INFO  console_logger  - url:   http://yandex.ru
11:01:59.031 [http-nio-8080-exec-7] INFO  console_logger  - referer:   http://localhost:8080/card?runet-id=7005555&url=http%3A%2F%2Fyandex.ru
11:01:59.044 [http-nio-8080-exec-7] ERROR console_logger  - У клиента уже есть пластиковая карта !!
11:02:04.197 [http-nio-8080-exec-1] INFO  console_logger  - ########### ВХОДЯЩИЙ ЗАПРОС НА ОТКРЫТИЕ ПЛАСТИКОВОЙ КАРТЫ ###########
11:02:04.197 [http-nio-8080-exec-1] INFO  console_logger  - runet-id:   7005555
11:02:04.198 [http-nio-8080-exec-1] INFO  console_logger  - url:   http://yandex.ru
11:02:04.198 [http-nio-8080-exec-1] INFO  console_logger  - referer:   http://localhost:8080/card?runet-id=7005555&url=http%3A%2F%2Fyandex.ru
11:02:04.211 [http-nio-8080-exec-1] ERROR console_logger  - У клиента уже есть пластиковая карта !!
11:02:09.414 [http-nio-8080-exec-6] INFO  console_logger  - ########### ВХОДЯЩИЙ ЗАПРОС НА ОТКРЫТИЕ ПЛАСТИКОВОЙ КАРТЫ ###########
11:02:09.414 [http-nio-8080-exec-6] INFO  console_logger  - runet-id:   7005555
11:02:09.414 [http-nio-8080-exec-6] INFO  console_logger  - url:   http://yandex.ru
11:02:09.415 [http-nio-8080-exec-6] INFO  console_logger  - referer:   http://localhost:8080/card?runet-id=7005555&url=http%3A%2F%2Fyandex.ru
11:02:09.429 [http-nio-8080-exec-6] ERROR console_logger  - У клиента уже есть пластиковая карта !!
11:02:14.623 [http-nio-8080-exec-7] INFO  console_logger  - ########### ВХОДЯЩИЙ ЗАПРОС НА ОТКРЫТИЕ ПЛАСТИКОВОЙ КАРТЫ ###########
11:02:14.623 [http-nio-8080-exec-7] INFO  console_logger  - runet-id:   7005555
11:02:14.624 [http-nio-8080-exec-7] INFO  console_logger  - url:   http://yandex.ru
11:02:14.624 [http-nio-8080-exec-7] INFO  console_logger  - referer:   http://localhost:8080/card?runet-id=7005555&url=http%3A%2F%2Fyandex.ru
11:02:14.642 [http-nio-8080-exec-7] ERROR console_logger  - У клиента уже есть пластиковая карта !!
11:02:19.822 [http-nio-8080-exec-10] INFO  console_logger  - ########### ВХОДЯЩИЙ ЗАПРОС НА ОТКРЫТИЕ ПЛАСТИКОВОЙ КАРТЫ ###########
11:02:19.823 [http-nio-8080-exec-10] INFO  console_logger  - runet-id:   7005555
11:02:19.823 [http-nio-8080-exec-10] INFO  console_logger  - url:   http://yandex.ru
11:02:19.823 [http-nio-8080-exec-10] INFO  console_logger  - referer:   http://localhost:8080/card?runet-id=7005555&url=http%3A%2F%2Fyandex.ru
11:02:19.836 [http-nio-8080-exec-10] ERROR console_logger  - У клиента уже есть пластиковая карта !!
11:02:25.056 [http-nio-8080-exec-6] INFO  console_logger  - ########### ВХОДЯЩИЙ ЗАПРОС НА ОТКРЫТИЕ ПЛАСТИКОВОЙ КАРТЫ ###########
11:02:25.057 [http-nio-8080-exec-6] INFO  console_logger  - runet-id:   7005555
11:02:25.058 [http-nio-8080-exec-6] INFO  console_logger  - url:   http://yandex.ru
11:02:25.058 [http-nio-8080-exec-6] INFO  console_logger  - referer:   http://localhost:8080/card?runet-id=7005555&url=http%3A%2F%2Fyandex.ru
11:02:25.077 [http-nio-8080-exec-6] ERROR console_logger  - У клиента уже есть пластиковая карта !!
11:02:30.268 [http-nio-8080-exec-2] INFO  console_logger  - ########### ВХОДЯЩИЙ ЗАПРОС НА ОТКРЫТИЕ ПЛАСТИКОВОЙ КАРТЫ ###########
11:02:30.268 [http-nio-8080-exec-2] INFO  console_logger  - runet-id:   7005555
11:02:30.268 [http-nio-8080-exec-2] INFO  console_logger  - url:   http://yandex.ru
11:02:30.268 [http-nio-8080-exec-2] INFO  console_logger  - referer:   http://localhost:8080/card?runet-id=7005555&url=http%3A%2F%2Fyandex.ru
11:02:30.288 [http-nio-8080-exec-2] ERROR console_logger  - У клиента уже есть пластиковая карта !!
11:02:35.758 [http-nio-8080-exec-9] INFO  console_logger  - ########### ВХОДЯЩИЙ ЗАПРОС НА ОТКРЫТИЕ ПЛАСТИКОВОЙ КАРТЫ ###########
11:02:35.758 [http-nio-8080-exec-9] INFO  console_logger  - runet-id:   7005555
11:02:35.758 [http-nio-8080-exec-9] INFO  console_logger  - url:   http://yandex.ru
11:02:35.758 [http-nio-8080-exec-9] INFO  console_logger  - referer:   http://localhost:8080/card?runet-id=7005555&url=http%3A%2F%2Fyandex.ru
11:02:35.775 [http-nio-8080-exec-9] ERROR console_logger  - У клиента уже есть пластиковая карта !!
11:02:41.114 [http-nio-8080-exec-10] INFO  console_logger  - ########### ВХОДЯЩИЙ ЗАПРОС НА ОТКРЫТИЕ ПЛАСТИКОВОЙ КАРТЫ ###########
11:02:41.115 [http-nio-8080-exec-10] INFO  console_logger  - runet-id:   7005555
11:02:41.115 [http-nio-8080-exec-10] INFO  console_logger  - url:   http://yandex.ru
11:02:41.115 [http-nio-8080-exec-10] INFO  console_logger  - referer:   http://localhost:8080/card?runet-id=7005555&url=http%3A%2F%2Fyandex.ru
11:02:41.134 [http-nio-8080-exec-10] ERROR console_logger  - У клиента уже есть пластиковая карта !!
11:02:46.414 [http-nio-8080-exec-4] INFO  console_logger  - ########### ВХОДЯЩИЙ ЗАПРОС НА ОТКРЫТИЕ ПЛАСТИКОВОЙ КАРТЫ ###########
11:02:46.415 [http-nio-8080-exec-4] INFO  console_logger  - runet-id:   7005555
11:02:46.416 [http-nio-8080-exec-4] INFO  console_logger  - url:   http://yandex.ru
11:02:46.416 [http-nio-8080-exec-4] INFO  console_logger  - referer:   http://localhost:8080/card?runet-id=7005555&url=http%3A%2F%2Fyandex.ru
11:02:46.436 [http-nio-8080-exec-4] ERROR console_logger  - У клиента уже есть пластиковая карта !!
11:02:51.655 [http-nio-8080-exec-6] INFO  console_logger  - ########### ВХОДЯЩИЙ ЗАПРОС НА ОТКРЫТИЕ ПЛАСТИКОВОЙ КАРТЫ ###########
11:02:51.656 [http-nio-8080-exec-6] INFO  console_logger  - runet-id:   7005555
11:02:51.656 [http-nio-8080-exec-6] INFO  console_logger  - url:   http://yandex.ru
11:02:51.657 [http-nio-8080-exec-6] INFO  console_logger  - referer:   http://localhost:8080/card?runet-id=7005555&url=http%3A%2F%2Fyandex.ru
11:02:51.681 [http-nio-8080-exec-6] ERROR console_logger  - У клиента уже есть пластиковая карта !!
11:02:56.924 [http-nio-8080-exec-4] INFO  console_logger  - ########### ВХОДЯЩИЙ ЗАПРОС НА ОТКРЫТИЕ ПЛАСТИКОВОЙ КАРТЫ ###########
11:02:56.924 [http-nio-8080-exec-4] INFO  console_logger  - runet-id:   7005555
11:02:56.925 [http-nio-8080-exec-4] INFO  console_logger  - url:   http://yandex.ru
11:02:56.925 [http-nio-8080-exec-4] INFO  console_logger  - referer:   http://localhost:8080/card?runet-id=7005555&url=http%3A%2F%2Fyandex.ru
11:02:56.941 [http-nio-8080-exec-4] ERROR console_logger  - У клиента уже есть пластиковая карта !!
11:03:02.096 [http-nio-8080-exec-1] INFO  console_logger  - ########### ВХОДЯЩИЙ ЗАПРОС НА ОТКРЫТИЕ ПЛАСТИКОВОЙ КАРТЫ ###########
11:03:02.096 [http-nio-8080-exec-1] INFO  console_logger  - runet-id:   7005555
11:03:02.096 [http-nio-8080-exec-1] INFO  console_logger  - url:   http://yandex.ru
11:03:02.096 [http-nio-8080-exec-1] INFO  console_logger  - referer:   http://localhost:8080/card?runet-id=7005555&url=http%3A%2F%2Fyandex.ru
11:03:02.110 [http-nio-8080-exec-1] ERROR console_logger  - У клиента уже есть пластиковая карта !!
11:03:07.245 [http-nio-8080-exec-8] INFO  console_logger  - ########### ВХОДЯЩИЙ ЗАПРОС НА ОТКРЫТИЕ ПЛАСТИКОВОЙ КАРТЫ ###########
11:03:07.246 [http-nio-8080-exec-8] INFO  console_logger  - runet-id:   7005555
11:03:07.246 [http-nio-8080-exec-8] INFO  console_logger  - url:   http://yandex.ru
11:03:07.246 [http-nio-8080-exec-8] INFO  console_logger  - referer:   http://localhost:8080/card?runet-id=7005555&url=http%3A%2F%2Fyandex.ru
11:03:07.258 [http-nio-8080-exec-8] ERROR console_logger  - У клиента уже есть пластиковая карта !!
11:03:12.399 [http-nio-8080-exec-7] INFO  console_logger  - ########### ВХОДЯЩИЙ ЗАПРОС НА ОТКРЫТИЕ ПЛАСТИКОВОЙ КАРТЫ ###########
11:03:12.399 [http-nio-8080-exec-7] INFO  console_logger  - runet-id:   7005555
11:03:12.399 [http-nio-8080-exec-7] INFO  console_logger  - url:   http://yandex.ru
11:03:12.401 [http-nio-8080-exec-7] INFO  console_logger  - referer:   http://localhost:8080/card?runet-id=7005555&url=http%3A%2F%2Fyandex.ru
11:03:12.417 [http-nio-8080-exec-7] ERROR console_logger  - У клиента уже есть пластиковая карта !!
11:03:17.595 [http-nio-8080-exec-5] INFO  console_logger  - ########### ВХОДЯЩИЙ ЗАПРОС НА ОТКРЫТИЕ ПЛАСТИКОВОЙ КАРТЫ ###########
11:03:17.595 [http-nio-8080-exec-5] INFO  console_logger  - runet-id:   7005555
11:03:17.597 [http-nio-8080-exec-5] INFO  console_logger  - url:   http://yandex.ru
11:03:17.597 [http-nio-8080-exec-5] INFO  console_logger  - referer:   http://localhost:8080/card?runet-id=7005555&url=http%3A%2F%2Fyandex.ru
11:03:17.620 [http-nio-8080-exec-5] ERROR console_logger  - У клиента уже есть пластиковая карта !!
11:03:22.769 [http-nio-8080-exec-1] INFO  console_logger  - ########### ВХОДЯЩИЙ ЗАПРОС НА ОТКРЫТИЕ ПЛАСТИКОВОЙ КАРТЫ ###########
11:03:22.769 [http-nio-8080-exec-1] INFO  console_logger  - runet-id:   7005555
11:03:22.769 [http-nio-8080-exec-1] INFO  console_logger  - url:   http://yandex.ru
11:03:22.769 [http-nio-8080-exec-1] INFO  console_logger  - referer:   http://localhost:8080/card?runet-id=7005555&url=http%3A%2F%2Fyandex.ru
11:03:22.790 [http-nio-8080-exec-1] ERROR console_logger  - У клиента уже есть пластиковая карта !!
11:03:27.987 [http-nio-8080-exec-7] INFO  console_logger  - ########### ВХОДЯЩИЙ ЗАПРОС НА ОТКРЫТИЕ ПЛАСТИКОВОЙ КАРТЫ ###########
11:03:27.988 [http-nio-8080-exec-7] INFO  console_logger  - runet-id:   7005555
11:03:27.989 [http-nio-8080-exec-7] INFO  console_logger  - url:   http://yandex.ru
11:03:27.989 [http-nio-8080-exec-7] INFO  console_logger  - referer:   http://localhost:8080/card?runet-id=7005555&url=http%3A%2F%2Fyandex.ru
11:03:28.005 [http-nio-8080-exec-7] ERROR console_logger  - У клиента уже есть пластиковая карта !!
11:03:33.163 [http-nio-8080-exec-8] INFO  console_logger  - ########### ВХОДЯЩИЙ ЗАПРОС НА ОТКРЫТИЕ ПЛАСТИКОВОЙ КАРТЫ ###########
11:03:33.163 [http-nio-8080-exec-8] INFO  console_logger  - runet-id:   7005555
11:03:33.163 [http-nio-8080-exec-8] INFO  console_logger  - url:   http://yandex.ru
11:03:33.164 [http-nio-8080-exec-8] INFO  console_logger  - referer:   http://localhost:8080/card?runet-id=7005555&url=http%3A%2F%2Fyandex.ru
11:03:33.177 [http-nio-8080-exec-8] ERROR console_logger  - У клиента уже есть пластиковая карта !!
11:03:38.328 [http-nio-8080-exec-4] INFO  console_logger  - ########### ВХОДЯЩИЙ ЗАПРОС НА ОТКРЫТИЕ ПЛАСТИКОВОЙ КАРТЫ ###########
11:03:38.328 [http-nio-8080-exec-4] INFO  console_logger  - runet-id:   7005555
11:03:38.329 [http-nio-8080-exec-4] INFO  console_logger  - url:   http://yandex.ru
11:03:38.329 [http-nio-8080-exec-4] INFO  console_logger  - referer:   http://localhost:8080/card?runet-id=7005555&url=http%3A%2F%2Fyandex.ru
11:03:38.342 [http-nio-8080-exec-4] ERROR console_logger  - У клиента уже есть пластиковая карта !!
11:03:43.496 [http-nio-8080-exec-9] INFO  console_logger  - ########### ВХОДЯЩИЙ ЗАПРОС НА ОТКРЫТИЕ ПЛАСТИКОВОЙ КАРТЫ ###########
11:03:43.496 [http-nio-8080-exec-9] INFO  console_logger  - runet-id:   7005555
11:03:43.496 [http-nio-8080-exec-9] INFO  console_logger  - url:   http://yandex.ru
11:03:43.496 [http-nio-8080-exec-9] INFO  console_logger  - referer:   http://localhost:8080/card?runet-id=7005555&url=http%3A%2F%2Fyandex.ru
11:03:43.516 [http-nio-8080-exec-9] ERROR console_logger  - У клиента уже есть пластиковая карта !!
11:03:48.654 [http-nio-8080-exec-8] INFO  console_logger  - ########### ВХОДЯЩИЙ ЗАПРОС НА ОТКРЫТИЕ ПЛАСТИКОВОЙ КАРТЫ ###########
11:03:48.654 [http-nio-8080-exec-8] INFO  console_logger  - runet-id:   7005555
11:03:48.655 [http-nio-8080-exec-8] INFO  console_logger  - url:   http://yandex.ru
11:03:48.655 [http-nio-8080-exec-8] INFO  console_logger  - referer:   http://localhost:8080/card?runet-id=7005555&url=http%3A%2F%2Fyandex.ru
11:03:48.669 [http-nio-8080-exec-8] ERROR console_logger  - У клиента уже есть пластиковая карта !!
11:03:53.831 [http-nio-8080-exec-5] INFO  console_logger  - ########### ВХОДЯЩИЙ ЗАПРОС НА ОТКРЫТИЕ ПЛАСТИКОВОЙ КАРТЫ ###########
11:03:53.832 [http-nio-8080-exec-5] INFO  console_logger  - runet-id:   7005555
11:03:53.832 [http-nio-8080-exec-5] INFO  console_logger  - url:   http://yandex.ru
11:03:53.833 [http-nio-8080-exec-5] INFO  console_logger  - referer:   http://localhost:8080/card?runet-id=7005555&url=http%3A%2F%2Fyandex.ru
11:03:53.846 [http-nio-8080-exec-5] ERROR console_logger  - У клиента уже есть пластиковая карта !!
11:03:59.008 [http-nio-8080-exec-2] INFO  console_logger  - ########### ВХОДЯЩИЙ ЗАПРОС НА ОТКРЫТИЕ ПЛАСТИКОВОЙ КАРТЫ ###########
11:03:59.008 [http-nio-8080-exec-2] INFO  console_logger  - runet-id:   7005555
11:03:59.009 [http-nio-8080-exec-2] INFO  console_logger  - url:   http://yandex.ru
11:03:59.009 [http-nio-8080-exec-2] INFO  console_logger  - referer:   http://localhost:8080/card?runet-id=7005555&url=http%3A%2F%2Fyandex.ru
11:03:59.023 [http-nio-8080-exec-2] ERROR console_logger  - У клиента уже есть пластиковая карта !!
11:04:04.190 [http-nio-8080-exec-10] INFO  console_logger  - ########### ВХОДЯЩИЙ ЗАПРОС НА ОТКРЫТИЕ ПЛАСТИКОВОЙ КАРТЫ ###########
11:04:04.190 [http-nio-8080-exec-10] INFO  console_logger  - runet-id:   7005555
11:04:04.190 [http-nio-8080-exec-10] INFO  console_logger  - url:   http://yandex.ru
11:04:04.190 [http-nio-8080-exec-10] INFO  console_logger  - referer:   http://localhost:8080/card?runet-id=7005555&url=http%3A%2F%2Fyandex.ru
11:04:04.203 [http-nio-8080-exec-10] ERROR console_logger  - У клиента уже есть пластиковая карта !!
11:04:09.342 [http-nio-8080-exec-5] INFO  console_logger  - ########### ВХОДЯЩИЙ ЗАПРОС НА ОТКРЫТИЕ ПЛАСТИКОВОЙ КАРТЫ ###########
11:04:09.342 [http-nio-8080-exec-5] INFO  console_logger  - runet-id:   7005555
11:04:09.343 [http-nio-8080-exec-5] INFO  console_logger  - url:   http://yandex.ru
11:04:09.343 [http-nio-8080-exec-5] INFO  console_logger  - referer:   http://localhost:8080/card?runet-id=7005555&url=http%3A%2F%2Fyandex.ru
11:04:09.355 [http-nio-8080-exec-5] ERROR console_logger  - У клиента уже есть пластиковая карта !!
11:04:14.520 [http-nio-8080-exec-4] INFO  console_logger  - ########### ВХОДЯЩИЙ ЗАПРОС НА ОТКРЫТИЕ ПЛАСТИКОВОЙ КАРТЫ ###########
11:04:14.520 [http-nio-8080-exec-4] INFO  console_logger  - runet-id:   7005555
11:04:14.521 [http-nio-8080-exec-4] INFO  console_logger  - url:   http://yandex.ru
11:04:14.524 [http-nio-8080-exec-4] INFO  console_logger  - referer:   http://localhost:8080/card?runet-id=7005555&url=http%3A%2F%2Fyandex.ru
11:04:14.545 [http-nio-8080-exec-4] ERROR console_logger  - У клиента уже есть пластиковая карта !!
11:04:19.709 [http-nio-8080-exec-10] INFO  console_logger  - ########### ВХОДЯЩИЙ ЗАПРОС НА ОТКРЫТИЕ ПЛАСТИКОВОЙ КАРТЫ ###########
11:04:19.710 [http-nio-8080-exec-10] INFO  console_logger  - runet-id:   7005555
11:04:19.710 [http-nio-8080-exec-10] INFO  console_logger  - url:   http://yandex.ru
11:04:19.710 [http-nio-8080-exec-10] INFO  console_logger  - referer:   http://localhost:8080/card?runet-id=7005555&url=http%3A%2F%2Fyandex.ru
11:04:19.723 [http-nio-8080-exec-10] ERROR console_logger  - У клиента уже есть пластиковая карта !!
11:04:24.883 [http-nio-8080-exec-9] INFO  console_logger  - ########### ВХОДЯЩИЙ ЗАПРОС НА ОТКРЫТИЕ ПЛАСТИКОВОЙ КАРТЫ ###########
11:04:24.884 [http-nio-8080-exec-9] INFO  console_logger  - runet-id:   7005555
11:04:24.884 [http-nio-8080-exec-9] INFO  console_logger  - url:   http://yandex.ru
11:04:24.884 [http-nio-8080-exec-9] INFO  console_logger  - referer:   http://localhost:8080/card?runet-id=7005555&url=http%3A%2F%2Fyandex.ru
11:04:24.906 [http-nio-8080-exec-9] ERROR console_logger  - У клиента уже есть пластиковая карта !!
11:04:30.071 [http-nio-8080-exec-5] INFO  console_logger  - ########### ВХОДЯЩИЙ ЗАПРОС НА ОТКРЫТИЕ ПЛАСТИКОВОЙ КАРТЫ ###########
11:04:30.071 [http-nio-8080-exec-5] INFO  console_logger  - runet-id:   7005555
11:04:30.075 [http-nio-8080-exec-5] INFO  console_logger  - url:   http://yandex.ru
11:04:30.075 [http-nio-8080-exec-5] INFO  console_logger  - referer:   http://localhost:8080/card?runet-id=7005555&url=http%3A%2F%2Fyandex.ru
11:04:30.100 [http-nio-8080-exec-5] ERROR console_logger  - У клиента уже есть пластиковая карта !!
11:04:35.250 [http-nio-8080-exec-2] INFO  console_logger  - ########### ВХОДЯЩИЙ ЗАПРОС НА ОТКРЫТИЕ ПЛАСТИКОВОЙ КАРТЫ ###########
11:04:35.251 [http-nio-8080-exec-2] INFO  console_logger  - runet-id:   7005555
11:04:35.251 [http-nio-8080-exec-2] INFO  console_logger  - url:   http://yandex.ru
11:04:35.252 [http-nio-8080-exec-2] INFO  console_logger  - referer:   http://localhost:8080/card?runet-id=7005555&url=http%3A%2F%2Fyandex.ru
11:04:35.266 [http-nio-8080-exec-2] ERROR console_logger  - У клиента уже есть пластиковая карта !!
11:04:40.421 [http-nio-8080-exec-5] INFO  console_logger  - ########### ВХОДЯЩИЙ ЗАПРОС НА ОТКРЫТИЕ ПЛАСТИКОВОЙ КАРТЫ ###########
11:04:40.421 [http-nio-8080-exec-5] INFO  console_logger  - runet-id:   7005555
11:04:40.422 [http-nio-8080-exec-5] INFO  console_logger  - url:   http://yandex.ru
11:04:40.422 [http-nio-8080-exec-5] INFO  console_logger  - referer:   http://localhost:8080/card?runet-id=7005555&url=http%3A%2F%2Fyandex.ru
11:04:40.438 [http-nio-8080-exec-5] ERROR console_logger  - У клиента уже есть пластиковая карта !!
11:04:45.757 [http-nio-8080-exec-3] INFO  console_logger  - ########### ВХОДЯЩИЙ ЗАПРОС НА ОТКРЫТИЕ ПЛАСТИКОВОЙ КАРТЫ ###########
11:04:45.757 [http-nio-8080-exec-3] INFO  console_logger  - runet-id:   7005555
11:04:45.757 [http-nio-8080-exec-3] INFO  console_logger  - url:   http://yandex.ru
11:04:45.757 [http-nio-8080-exec-3] INFO  console_logger  - referer:   http://localhost:8080/card?runet-id=7005555&url=http%3A%2F%2Fyandex.ru
11:04:45.773 [http-nio-8080-exec-3] ERROR console_logger  - У клиента уже есть пластиковая карта !!
11:04:52.766 [http-nio-8080-exec-9] INFO  console_logger  - ########### ВХОДЯЩИЙ ЗАПРОС НА ОТКРЫТИЕ ПЛАСТИКОВОЙ КАРТЫ ###########
11:04:52.767 [http-nio-8080-exec-9] INFO  console_logger  - runet-id:   7005555
11:04:52.768 [http-nio-8080-exec-9] INFO  console_logger  - url:   http://yandex.ru
11:04:52.768 [http-nio-8080-exec-9] INFO  console_logger  - referer:   http://localhost:8080/card?runet-id=7005555&url=http%3A%2F%2Fyandex.ru
11:04:52.789 [http-nio-8080-exec-9] ERROR console_logger  - У клиента уже есть пластиковая карта !!
11:04:59.761 [http-nio-8080-exec-5] INFO  console_logger  - ########### ВХОДЯЩИЙ ЗАПРОС НА ОТКРЫТИЕ ПЛАСТИКОВОЙ КАРТЫ ###########
11:04:59.761 [http-nio-8080-exec-5] INFO  console_logger  - runet-id:   7005555
11:04:59.761 [http-nio-8080-exec-5] INFO  console_logger  - url:   http://yandex.ru
11:04:59.762 [http-nio-8080-exec-5] INFO  console_logger  - referer:   http://localhost:8080/card?runet-id=7005555&url=http%3A%2F%2Fyandex.ru
11:04:59.778 [http-nio-8080-exec-5] ERROR console_logger  - У клиента уже есть пластиковая карта !!
11:05:06.760 [http-nio-8080-exec-1] INFO  console_logger  - ########### ВХОДЯЩИЙ ЗАПРОС НА ОТКРЫТИЕ ПЛАСТИКОВОЙ КАРТЫ ###########
11:05:06.760 [http-nio-8080-exec-1] INFO  console_logger  - runet-id:   7005555
11:05:06.761 [http-nio-8080-exec-1] INFO  console_logger  - url:   http://yandex.ru
11:05:06.762 [http-nio-8080-exec-1] INFO  console_logger  - referer:   http://localhost:8080/card?runet-id=7005555&url=http%3A%2F%2Fyandex.ru
11:05:06.774 [http-nio-8080-exec-1] ERROR console_logger  - У клиента уже есть пластиковая карта !!
11:05:13.768 [http-nio-8080-exec-9] INFO  console_logger  - ########### ВХОДЯЩИЙ ЗАПРОС НА ОТКРЫТИЕ ПЛАСТИКОВОЙ КАРТЫ ###########
11:05:13.769 [http-nio-8080-exec-9] INFO  console_logger  - runet-id:   7005555
11:05:13.769 [http-nio-8080-exec-9] INFO  console_logger  - url:   http://yandex.ru
11:05:13.769 [http-nio-8080-exec-9] INFO  console_logger  - referer:   http://localhost:8080/card?runet-id=7005555&url=http%3A%2F%2Fyandex.ru
11:05:13.792 [http-nio-8080-exec-9] ERROR console_logger  - У клиента уже есть пластиковая карта !!
11:05:20.763 [http-nio-8080-exec-5] INFO  console_logger  - ########### ВХОДЯЩИЙ ЗАПРОС НА ОТКРЫТИЕ ПЛАСТИКОВОЙ КАРТЫ ###########
11:05:20.763 [http-nio-8080-exec-5] INFO  console_logger  - runet-id:   7005555
11:05:20.764 [http-nio-8080-exec-5] INFO  console_logger  - url:   http://yandex.ru
11:05:20.764 [http-nio-8080-exec-5] INFO  console_logger  - referer:   http://localhost:8080/card?runet-id=7005555&url=http%3A%2F%2Fyandex.ru
11:05:20.778 [http-nio-8080-exec-5] ERROR console_logger  - У клиента уже есть пластиковая карта !!
11:05:27.766 [http-nio-8080-exec-7] INFO  console_logger  - ########### ВХОДЯЩИЙ ЗАПРОС НА ОТКРЫТИЕ ПЛАСТИКОВОЙ КАРТЫ ###########
11:05:27.766 [http-nio-8080-exec-7] INFO  console_logger  - runet-id:   7005555
11:05:27.766 [http-nio-8080-exec-7] INFO  console_logger  - url:   http://yandex.ru
11:05:27.768 [http-nio-8080-exec-7] INFO  console_logger  - referer:   http://localhost:8080/card?runet-id=7005555&url=http%3A%2F%2Fyandex.ru
11:05:27.780 [http-nio-8080-exec-7] ERROR console_logger  - У клиента уже есть пластиковая карта !!
11:05:34.761 [http-nio-8080-exec-9] INFO  console_logger  - ########### ВХОДЯЩИЙ ЗАПРОС НА ОТКРЫТИЕ ПЛАСТИКОВОЙ КАРТЫ ###########
11:05:34.761 [http-nio-8080-exec-9] INFO  console_logger  - runet-id:   7005555
11:05:34.763 [http-nio-8080-exec-9] INFO  console_logger  - url:   http://yandex.ru
11:05:34.763 [http-nio-8080-exec-9] INFO  console_logger  - referer:   http://localhost:8080/card?runet-id=7005555&url=http%3A%2F%2Fyandex.ru
11:05:34.784 [http-nio-8080-exec-9] ERROR console_logger  - У клиента уже есть пластиковая карта !!
11:05:41.763 [http-nio-8080-exec-6] INFO  console_logger  - ########### ВХОДЯЩИЙ ЗАПРОС НА ОТКРЫТИЕ ПЛАСТИКОВОЙ КАРТЫ ###########
11:05:41.763 [http-nio-8080-exec-6] INFO  console_logger  - runet-id:   7005555
11:05:41.763 [http-nio-8080-exec-6] INFO  console_logger  - url:   http://yandex.ru
11:05:41.763 [http-nio-8080-exec-6] INFO  console_logger  - referer:   http://localhost:8080/card?runet-id=7005555&url=http%3A%2F%2Fyandex.ru
11:05:41.776 [http-nio-8080-exec-6] ERROR console_logger  - У клиента уже есть пластиковая карта !!
11:05:48.762 [http-nio-8080-exec-9] INFO  console_logger  - ########### ВХОДЯЩИЙ ЗАПРОС НА ОТКРЫТИЕ ПЛАСТИКОВОЙ КАРТЫ ###########
11:05:48.763 [http-nio-8080-exec-9] INFO  console_logger  - runet-id:   7005555
11:05:48.764 [http-nio-8080-exec-9] INFO  console_logger  - url:   http://yandex.ru
11:05:48.764 [http-nio-8080-exec-9] INFO  console_logger  - referer:   http://localhost:8080/card?runet-id=7005555&url=http%3A%2F%2Fyandex.ru
11:05:48.778 [http-nio-8080-exec-9] ERROR console_logger  - У клиента уже есть пластиковая карта !!
11:05:55.767 [http-nio-8080-exec-5] INFO  console_logger  - ########### ВХОДЯЩИЙ ЗАПРОС НА ОТКРЫТИЕ ПЛАСТИКОВОЙ КАРТЫ ###########
11:05:55.768 [http-nio-8080-exec-5] INFO  console_logger  - runet-id:   7005555
11:05:55.768 [http-nio-8080-exec-5] INFO  console_logger  - url:   http://yandex.ru
11:05:55.769 [http-nio-8080-exec-5] INFO  console_logger  - referer:   http://localhost:8080/card?runet-id=7005555&url=http%3A%2F%2Fyandex.ru
11:05:55.782 [http-nio-8080-exec-5] ERROR console_logger  - У клиента уже есть пластиковая карта !!
11:06:02.762 [http-nio-8080-exec-6] INFO  console_logger  - ########### ВХОДЯЩИЙ ЗАПРОС НА ОТКРЫТИЕ ПЛАСТИКОВОЙ КАРТЫ ###########
11:06:02.762 [http-nio-8080-exec-6] INFO  console_logger  - runet-id:   7005555
11:06:02.763 [http-nio-8080-exec-6] INFO  console_logger  - url:   http://yandex.ru
11:06:02.763 [http-nio-8080-exec-6] INFO  console_logger  - referer:   http://localhost:8080/card?runet-id=7005555&url=http%3A%2F%2Fyandex.ru
11:06:02.777 [http-nio-8080-exec-6] ERROR console_logger  - У клиента уже есть пластиковая карта !!
11:06:09.757 [http-nio-8080-exec-9] INFO  console_logger  - ########### ВХОДЯЩИЙ ЗАПРОС НА ОТКРЫТИЕ ПЛАСТИКОВОЙ КАРТЫ ###########
11:06:09.757 [http-nio-8080-exec-9] INFO  console_logger  - runet-id:   7005555
11:06:09.757 [http-nio-8080-exec-9] INFO  console_logger  - url:   http://yandex.ru
11:06:09.757 [http-nio-8080-exec-9] INFO  console_logger  - referer:   http://localhost:8080/card?runet-id=7005555&url=http%3A%2F%2Fyandex.ru
11:06:09.769 [http-nio-8080-exec-9] ERROR console_logger  - У клиента уже есть пластиковая карта !!
11:06:16.762 [http-nio-8080-exec-5] INFO  console_logger  - ########### ВХОДЯЩИЙ ЗАПРОС НА ОТКРЫТИЕ ПЛАСТИКОВОЙ КАРТЫ ###########
11:06:16.762 [http-nio-8080-exec-5] INFO  console_logger  - runet-id:   7005555
11:06:16.763 [http-nio-8080-exec-5] INFO  console_logger  - url:   http://yandex.ru
11:06:16.763 [http-nio-8080-exec-5] INFO  console_logger  - referer:   http://localhost:8080/card?runet-id=7005555&url=http%3A%2F%2Fyandex.ru
11:06:16.777 [http-nio-8080-exec-5] ERROR console_logger  - У клиента уже есть пластиковая карта !!
11:06:23.761 [http-nio-8080-exec-2] INFO  console_logger  - ########### ВХОДЯЩИЙ ЗАПРОС НА ОТКРЫТИЕ ПЛАСТИКОВОЙ КАРТЫ ###########
11:06:23.761 [http-nio-8080-exec-2] INFO  console_logger  - runet-id:   7005555
11:06:23.761 [http-nio-8080-exec-2] INFO  console_logger  - url:   http://yandex.ru
11:06:23.762 [http-nio-8080-exec-2] INFO  console_logger  - referer:   http://localhost:8080/card?runet-id=7005555&url=http%3A%2F%2Fyandex.ru
11:06:23.776 [http-nio-8080-exec-2] ERROR console_logger  - У клиента уже есть пластиковая карта !!
11:06:30.767 [http-nio-8080-exec-9] INFO  console_logger  - ########### ВХОДЯЩИЙ ЗАПРОС НА ОТКРЫТИЕ ПЛАСТИКОВОЙ КАРТЫ ###########
11:06:30.767 [http-nio-8080-exec-9] INFO  console_logger  - runet-id:   7005555
11:06:30.770 [http-nio-8080-exec-9] INFO  console_logger  - url:   http://yandex.ru
11:06:30.771 [http-nio-8080-exec-9] INFO  console_logger  - referer:   http://localhost:8080/card?runet-id=7005555&url=http%3A%2F%2Fyandex.ru
11:06:30.794 [http-nio-8080-exec-9] ERROR console_logger  - У клиента уже есть пластиковая карта !!
11:06:37.761 [http-nio-8080-exec-5] INFO  console_logger  - ########### ВХОДЯЩИЙ ЗАПРОС НА ОТКРЫТИЕ ПЛАСТИКОВОЙ КАРТЫ ###########
11:06:37.762 [http-nio-8080-exec-5] INFO  console_logger  - runet-id:   7005555
11:06:37.762 [http-nio-8080-exec-5] INFO  console_logger  - url:   http://yandex.ru
11:06:37.762 [http-nio-8080-exec-5] INFO  console_logger  - referer:   http://localhost:8080/card?runet-id=7005555&url=http%3A%2F%2Fyandex.ru
11:06:37.774 [http-nio-8080-exec-5] ERROR console_logger  - У клиента уже есть пластиковая карта !!
11:06:44.758 [http-nio-8080-exec-2] INFO  console_logger  - ########### ВХОДЯЩИЙ ЗАПРОС НА ОТКРЫТИЕ ПЛАСТИКОВОЙ КАРТЫ ###########
11:06:44.758 [http-nio-8080-exec-2] INFO  console_logger  - runet-id:   7005555
11:06:44.759 [http-nio-8080-exec-2] INFO  console_logger  - url:   http://yandex.ru
11:06:44.759 [http-nio-8080-exec-2] INFO  console_logger  - referer:   http://localhost:8080/card?runet-id=7005555&url=http%3A%2F%2Fyandex.ru
11:06:44.772 [http-nio-8080-exec-2] ERROR console_logger  - У клиента уже есть пластиковая карта !!
11:06:51.760 [http-nio-8080-exec-9] INFO  console_logger  - ########### ВХОДЯЩИЙ ЗАПРОС НА ОТКРЫТИЕ ПЛАСТИКОВОЙ КАРТЫ ###########
11:06:51.760 [http-nio-8080-exec-9] INFO  console_logger  - runet-id:   7005555
11:06:51.760 [http-nio-8080-exec-9] INFO  console_logger  - url:   http://yandex.ru
11:06:51.761 [http-nio-8080-exec-9] INFO  console_logger  - referer:   http://localhost:8080/card?runet-id=7005555&url=http%3A%2F%2Fyandex.ru
11:06:51.773 [http-nio-8080-exec-9] ERROR console_logger  - У клиента уже есть пластиковая карта !!
11:06:58.767 [http-nio-8080-exec-5] INFO  console_logger  - ########### ВХОДЯЩИЙ ЗАПРОС НА ОТКРЫТИЕ ПЛАСТИКОВОЙ КАРТЫ ###########
11:06:58.768 [http-nio-8080-exec-5] INFO  console_logger  - runet-id:   7005555
11:06:58.771 [http-nio-8080-exec-5] INFO  console_logger  - url:   http://yandex.ru
11:06:58.771 [http-nio-8080-exec-5] INFO  console_logger  - referer:   http://localhost:8080/card?runet-id=7005555&url=http%3A%2F%2Fyandex.ru
11:06:58.786 [http-nio-8080-exec-5] ERROR console_logger  - У клиента уже есть пластиковая карта !!
11:07:05.761 [http-nio-8080-exec-2] INFO  console_logger  - ########### ВХОДЯЩИЙ ЗАПРОС НА ОТКРЫТИЕ ПЛАСТИКОВОЙ КАРТЫ ###########
11:07:05.761 [http-nio-8080-exec-2] INFO  console_logger  - runet-id:   7005555
11:07:05.761 [http-nio-8080-exec-2] INFO  console_logger  - url:   http://yandex.ru
11:07:05.761 [http-nio-8080-exec-2] INFO  console_logger  - referer:   http://localhost:8080/card?runet-id=7005555&url=http%3A%2F%2Fyandex.ru
11:07:05.778 [http-nio-8080-exec-2] ERROR console_logger  - У клиента уже есть пластиковая карта !!
11:07:12.757 [http-nio-8080-exec-6] INFO  console_logger  - ########### ВХОДЯЩИЙ ЗАПРОС НА ОТКРЫТИЕ ПЛАСТИКОВОЙ КАРТЫ ###########
11:07:12.757 [http-nio-8080-exec-6] INFO  console_logger  - runet-id:   7005555
11:07:12.758 [http-nio-8080-exec-6] INFO  console_logger  - url:   http://yandex.ru
11:07:12.758 [http-nio-8080-exec-6] INFO  console_logger  - referer:   http://localhost:8080/card?runet-id=7005555&url=http%3A%2F%2Fyandex.ru
11:07:12.771 [http-nio-8080-exec-6] ERROR console_logger  - У клиента уже есть пластиковая карта !!
11:07:19.756 [http-nio-8080-exec-5] INFO  console_logger  - ########### ВХОДЯЩИЙ ЗАПРОС НА ОТКРЫТИЕ ПЛАСТИКОВОЙ КАРТЫ ###########
11:07:19.757 [http-nio-8080-exec-5] INFO  console_logger  - runet-id:   7005555
11:07:19.757 [http-nio-8080-exec-5] INFO  console_logger  - url:   http://yandex.ru
11:07:19.758 [http-nio-8080-exec-5] INFO  console_logger  - referer:   http://localhost:8080/card?runet-id=7005555&url=http%3A%2F%2Fyandex.ru
11:07:19.770 [http-nio-8080-exec-5] ERROR console_logger  - У клиента уже есть пластиковая карта !!
11:07:26.762 [http-nio-8080-exec-2] INFO  console_logger  - ########### ВХОДЯЩИЙ ЗАПРОС НА ОТКРЫТИЕ ПЛАСТИКОВОЙ КАРТЫ ###########
11:07:26.763 [http-nio-8080-exec-2] INFO  console_logger  - runet-id:   7005555
11:07:26.764 [http-nio-8080-exec-2] INFO  console_logger  - url:   http://yandex.ru
11:07:26.764 [http-nio-8080-exec-2] INFO  console_logger  - referer:   http://localhost:8080/card?runet-id=7005555&url=http%3A%2F%2Fyandex.ru
11:07:26.778 [http-nio-8080-exec-2] ERROR console_logger  - У клиента уже есть пластиковая карта !!
11:07:33.775 [http-nio-8080-exec-4] INFO  console_logger  - ########### ВХОДЯЩИЙ ЗАПРОС НА ОТКРЫТИЕ ПЛАСТИКОВОЙ КАРТЫ ###########
11:07:33.776 [http-nio-8080-exec-4] INFO  console_logger  - runet-id:   7005555
11:07:33.776 [http-nio-8080-exec-4] INFO  console_logger  - url:   http://yandex.ru
11:07:33.776 [http-nio-8080-exec-4] INFO  console_logger  - referer:   http://localhost:8080/card?runet-id=7005555&url=http%3A%2F%2Fyandex.ru
11:07:33.792 [http-nio-8080-exec-4] ERROR console_logger  - У клиента уже есть пластиковая карта !!
11:07:53.768 [http-nio-8080-exec-5] INFO  console_logger  - ########### ВХОДЯЩИЙ ЗАПРОС НА ОТКРЫТИЕ ПЛАСТИКОВОЙ КАРТЫ ###########
11:07:53.769 [http-nio-8080-exec-5] INFO  console_logger  - runet-id:   7005555
11:07:53.771 [http-nio-8080-exec-5] INFO  console_logger  - url:   http://yandex.ru
11:07:53.772 [http-nio-8080-exec-5] INFO  console_logger  - referer:   http://localhost:8080/card?runet-id=7005555&url=http%3A%2F%2Fyandex.ru
11:07:53.791 [http-nio-8080-exec-5] ERROR console_logger  - У клиента уже есть пластиковая карта !!
11:08:00.765 [http-nio-8080-exec-2] INFO  console_logger  - ########### ВХОДЯЩИЙ ЗАПРОС НА ОТКРЫТИЕ ПЛАСТИКОВОЙ КАРТЫ ###########
11:08:00.766 [http-nio-8080-exec-2] INFO  console_logger  - runet-id:   7005555
11:08:00.766 [http-nio-8080-exec-2] INFO  console_logger  - url:   http://yandex.ru
11:08:00.767 [http-nio-8080-exec-2] INFO  console_logger  - referer:   http://localhost:8080/card?runet-id=7005555&url=http%3A%2F%2Fyandex.ru
11:08:00.781 [http-nio-8080-exec-2] ERROR console_logger  - У клиента уже есть пластиковая карта !!
11:08:07.760 [http-nio-8080-exec-4] INFO  console_logger  - ########### ВХОДЯЩИЙ ЗАПРОС НА ОТКРЫТИЕ ПЛАСТИКОВОЙ КАРТЫ ###########
11:08:07.761 [http-nio-8080-exec-4] INFO  console_logger  - runet-id:   7005555
11:08:07.762 [http-nio-8080-exec-4] INFO  console_logger  - url:   http://yandex.ru
11:08:07.762 [http-nio-8080-exec-4] INFO  console_logger  - referer:   http://localhost:8080/card?runet-id=7005555&url=http%3A%2F%2Fyandex.ru
11:08:07.777 [http-nio-8080-exec-4] ERROR console_logger  - У клиента уже есть пластиковая карта !!
11:08:21.769 [http-nio-8080-exec-5] INFO  console_logger  - ########### ВХОДЯЩИЙ ЗАПРОС НА ОТКРЫТИЕ ПЛАСТИКОВОЙ КАРТЫ ###########
11:08:21.769 [http-nio-8080-exec-5] INFO  console_logger  - runet-id:   7005555
11:08:21.769 [http-nio-8080-exec-5] INFO  console_logger  - url:   http://yandex.ru
11:08:21.769 [http-nio-8080-exec-5] INFO  console_logger  - referer:   http://localhost:8080/card?runet-id=7005555&url=http%3A%2F%2Fyandex.ru
11:08:21.786 [http-nio-8080-exec-5] ERROR console_logger  - У клиента уже есть пластиковая карта !!
11:08:38.777 [http-nio-8080-exec-7] INFO  console_logger  - ########### ВХОДЯЩИЙ ЗАПРОС НА ОТКРЫТИЕ ПЛАСТИКОВОЙ КАРТЫ ###########
11:08:38.777 [http-nio-8080-exec-7] INFO  console_logger  - runet-id:   7005555
11:08:38.779 [http-nio-8080-exec-7] INFO  console_logger  - url:   http://yandex.ru
11:08:38.779 [http-nio-8080-exec-7] INFO  console_logger  - referer:   http://localhost:8080/card?runet-id=7005555&url=http%3A%2F%2Fyandex.ru
11:08:38.797 [http-nio-8080-exec-7] ERROR console_logger  - У клиента уже есть пластиковая карта !!
11:08:57.759 [http-nio-8080-exec-8] INFO  console_logger  - ########### ВХОДЯЩИЙ ЗАПРОС НА ОТКРЫТИЕ ПЛАСТИКОВОЙ КАРТЫ ###########
11:08:57.760 [http-nio-8080-exec-8] INFO  console_logger  - runet-id:   7005555
11:08:57.760 [http-nio-8080-exec-8] INFO  console_logger  - url:   http://yandex.ru
11:08:57.761 [http-nio-8080-exec-8] INFO  console_logger  - referer:   http://localhost:8080/card?runet-id=7005555&url=http%3A%2F%2Fyandex.ru
11:08:57.777 [http-nio-8080-exec-8] ERROR console_logger  - У клиента уже есть пластиковая карта !!
11:09:16.762 [http-nio-8080-exec-6] INFO  console_logger  - ########### ВХОДЯЩИЙ ЗАПРОС НА ОТКРЫТИЕ ПЛАСТИКОВОЙ КАРТЫ ###########
11:09:16.762 [http-nio-8080-exec-6] INFO  console_logger  - runet-id:   7005555
11:09:16.763 [http-nio-8080-exec-6] INFO  console_logger  - url:   http://yandex.ru
11:09:16.763 [http-nio-8080-exec-6] INFO  console_logger  - referer:   http://localhost:8080/card?runet-id=7005555&url=http%3A%2F%2Fyandex.ru
11:09:16.778 [http-nio-8080-exec-6] ERROR console_logger  - У клиента уже есть пластиковая карта !!
11:09:34.758 [http-nio-8080-exec-3] INFO  console_logger  - ########### ВХОДЯЩИЙ ЗАПРОС НА ОТКРЫТИЕ ПЛАСТИКОВОЙ КАРТЫ ###########
11:09:34.758 [http-nio-8080-exec-3] INFO  console_logger  - runet-id:   7005555
11:09:34.758 [http-nio-8080-exec-3] INFO  console_logger  - url:   http://yandex.ru
11:09:34.758 [http-nio-8080-exec-3] INFO  console_logger  - referer:   http://localhost:8080/card?runet-id=7005555&url=http%3A%2F%2Fyandex.ru
11:09:34.771 [http-nio-8080-exec-3] ERROR console_logger  - У клиента уже есть пластиковая карта !!
11:09:50.761 [http-nio-8080-exec-1] INFO  console_logger  - ########### ВХОДЯЩИЙ ЗАПРОС НА ОТКРЫТИЕ ПЛАСТИКОВОЙ КАРТЫ ###########
11:09:50.762 [http-nio-8080-exec-1] INFO  console_logger  - runet-id:   7005555
11:09:50.762 [http-nio-8080-exec-1] INFO  console_logger  - url:   http://yandex.ru
11:09:50.762 [http-nio-8080-exec-1] INFO  console_logger  - referer:   http://localhost:8080/card?runet-id=7005555&url=http%3A%2F%2Fyandex.ru
11:09:50.776 [http-nio-8080-exec-1] ERROR console_logger  - У клиента уже есть пластиковая карта !!
11:10:06.758 [http-nio-8080-exec-9] INFO  console_logger  - ########### ВХОДЯЩИЙ ЗАПРОС НА ОТКРЫТИЕ ПЛАСТИКОВОЙ КАРТЫ ###########
11:10:06.758 [http-nio-8080-exec-9] INFO  console_logger  - runet-id:   7005555
11:10:06.758 [http-nio-8080-exec-9] INFO  console_logger  - url:   http://yandex.ru
11:10:06.759 [http-nio-8080-exec-9] INFO  console_logger  - referer:   http://localhost:8080/card?runet-id=7005555&url=http%3A%2F%2Fyandex.ru
11:10:06.770 [http-nio-8080-exec-9] ERROR console_logger  - У клиента уже есть пластиковая карта !!
11:10:25.782 [http-nio-8080-exec-10] INFO  console_logger  - ########### ВХОДЯЩИЙ ЗАПРОС НА ОТКРЫТИЕ ПЛАСТИКОВОЙ КАРТЫ ###########
11:10:25.782 [http-nio-8080-exec-10] INFO  console_logger  - runet-id:   7005555
11:10:25.782 [http-nio-8080-exec-10] INFO  console_logger  - url:   http://yandex.ru
11:10:25.782 [http-nio-8080-exec-10] INFO  console_logger  - referer:   http://localhost:8080/card?runet-id=7005555&url=http%3A%2F%2Fyandex.ru
11:10:25.800 [http-nio-8080-exec-10] ERROR console_logger  - У клиента уже есть пластиковая карта !!
11:10:43.763 [http-nio-8080-exec-7] INFO  console_logger  - ########### ВХОДЯЩИЙ ЗАПРОС НА ОТКРЫТИЕ ПЛАСТИКОВОЙ КАРТЫ ###########
11:10:43.763 [http-nio-8080-exec-7] INFO  console_logger  - runet-id:   7005555
11:10:43.763 [http-nio-8080-exec-7] INFO  console_logger  - url:   http://yandex.ru
11:10:43.763 [http-nio-8080-exec-7] INFO  console_logger  - referer:   http://localhost:8080/card?runet-id=7005555&url=http%3A%2F%2Fyandex.ru
11:10:43.778 [http-nio-8080-exec-7] ERROR console_logger  - У клиента уже есть пластиковая карта !!
11:11:04.765 [http-nio-8080-exec-4] INFO  console_logger  - ########### ВХОДЯЩИЙ ЗАПРОС НА ОТКРЫТИЕ ПЛАСТИКОВОЙ КАРТЫ ###########
11:11:04.765 [http-nio-8080-exec-4] INFO  console_logger  - runet-id:   7005555
11:11:04.767 [http-nio-8080-exec-4] INFO  console_logger  - url:   http://yandex.ru
11:11:04.767 [http-nio-8080-exec-4] INFO  console_logger  - referer:   http://localhost:8080/card?runet-id=7005555&url=http%3A%2F%2Fyandex.ru
11:11:04.780 [http-nio-8080-exec-4] ERROR console_logger  - У клиента уже есть пластиковая карта !!
11:11:24.763 [http-nio-8080-exec-6] INFO  console_logger  - ########### ВХОДЯЩИЙ ЗАПРОС НА ОТКРЫТИЕ ПЛАСТИКОВОЙ КАРТЫ ###########
11:11:24.763 [http-nio-8080-exec-6] INFO  console_logger  - runet-id:   7005555
11:11:24.763 [http-nio-8080-exec-6] INFO  console_logger  - url:   http://yandex.ru
11:11:24.764 [http-nio-8080-exec-6] INFO  console_logger  - referer:   http://localhost:8080/card?runet-id=7005555&url=http%3A%2F%2Fyandex.ru
11:11:24.778 [http-nio-8080-exec-6] ERROR console_logger  - У клиента уже есть пластиковая карта !!
11:11:44.770 [http-nio-8080-exec-3] INFO  console_logger  - ########### ВХОДЯЩИЙ ЗАПРОС НА ОТКРЫТИЕ ПЛАСТИКОВОЙ КАРТЫ ###########
11:11:44.770 [http-nio-8080-exec-3] INFO  console_logger  - runet-id:   7005555
11:11:44.772 [http-nio-8080-exec-3] INFO  console_logger  - url:   http://yandex.ru
11:11:44.772 [http-nio-8080-exec-3] INFO  console_logger  - referer:   http://localhost:8080/card?runet-id=7005555&url=http%3A%2F%2Fyandex.ru
11:11:44.788 [http-nio-8080-exec-3] ERROR console_logger  - У клиента уже есть пластиковая карта !!
11:12:04.770 [http-nio-8080-exec-8] INFO  console_logger  - ########### ВХОДЯЩИЙ ЗАПРОС НА ОТКРЫТИЕ ПЛАСТИКОВОЙ КАРТЫ ###########
11:12:04.770 [http-nio-8080-exec-8] INFO  console_logger  - runet-id:   7005555
11:12:04.770 [http-nio-8080-exec-8] INFO  console_logger  - url:   http://yandex.ru
11:12:04.770 [http-nio-8080-exec-8] INFO  console_logger  - referer:   http://localhost:8080/card?runet-id=7005555&url=http%3A%2F%2Fyandex.ru
11:12:04.784 [http-nio-8080-exec-8] ERROR console_logger  - У клиента уже есть пластиковая карта !!
11:12:23.758 [http-nio-8080-exec-5] INFO  console_logger  - ########### ВХОДЯЩИЙ ЗАПРОС НА ОТКРЫТИЕ ПЛАСТИКОВОЙ КАРТЫ ###########
11:12:23.758 [http-nio-8080-exec-5] INFO  console_logger  - runet-id:   7005555
11:12:23.759 [http-nio-8080-exec-5] INFO  console_logger  - url:   http://yandex.ru
11:12:23.759 [http-nio-8080-exec-5] INFO  console_logger  - referer:   http://localhost:8080/card?runet-id=7005555&url=http%3A%2F%2Fyandex.ru
11:12:23.773 [http-nio-8080-exec-5] ERROR console_logger  - У клиента уже есть пластиковая карта !!
11:12:42.758 [http-nio-8080-exec-2] INFO  console_logger  - ########### ВХОДЯЩИЙ ЗАПРОС НА ОТКРЫТИЕ ПЛАСТИКОВОЙ КАРТЫ ###########
11:12:42.758 [http-nio-8080-exec-2] INFO  console_logger  - runet-id:   7005555
11:12:42.758 [http-nio-8080-exec-2] INFO  console_logger  - url:   http://yandex.ru
11:12:42.759 [http-nio-8080-exec-2] INFO  console_logger  - referer:   http://localhost:8080/card?runet-id=7005555&url=http%3A%2F%2Fyandex.ru
11:12:42.771 [http-nio-8080-exec-2] ERROR console_logger  - У клиента уже есть пластиковая карта !!
11:12:59.764 [http-nio-8080-exec-8] INFO  console_logger  - ########### ВХОДЯЩИЙ ЗАПРОС НА ОТКРЫТИЕ ПЛАСТИКОВОЙ КАРТЫ ###########
11:12:59.764 [http-nio-8080-exec-8] INFO  console_logger  - runet-id:   7005555
11:12:59.766 [http-nio-8080-exec-8] INFO  console_logger  - url:   http://yandex.ru
11:12:59.766 [http-nio-8080-exec-8] INFO  console_logger  - referer:   http://localhost:8080/card?runet-id=7005555&url=http%3A%2F%2Fyandex.ru
11:12:59.788 [http-nio-8080-exec-8] ERROR console_logger  - У клиента уже есть пластиковая карта !!
11:13:19.764 [http-nio-8080-exec-9] INFO  console_logger  - ########### ВХОДЯЩИЙ ЗАПРОС НА ОТКРЫТИЕ ПЛАСТИКОВОЙ КАРТЫ ###########
11:13:19.764 [http-nio-8080-exec-9] INFO  console_logger  - runet-id:   7005555
11:13:19.765 [http-nio-8080-exec-9] INFO  console_logger  - url:   http://yandex.ru
11:13:19.765 [http-nio-8080-exec-9] INFO  console_logger  - referer:   http://localhost:8080/card?runet-id=7005555&url=http%3A%2F%2Fyandex.ru
11:13:19.787 [http-nio-8080-exec-9] ERROR console_logger  - У клиента уже есть пластиковая карта !!
11:13:38.758 [http-nio-8080-exec-6] INFO  console_logger  - ########### ВХОДЯЩИЙ ЗАПРОС НА ОТКРЫТИЕ ПЛАСТИКОВОЙ КАРТЫ ###########
11:13:38.759 [http-nio-8080-exec-6] INFO  console_logger  - runet-id:   7005555
11:13:38.760 [http-nio-8080-exec-6] INFO  console_logger  - url:   http://yandex.ru
11:13:38.760 [http-nio-8080-exec-6] INFO  console_logger  - referer:   http://localhost:8080/card?runet-id=7005555&url=http%3A%2F%2Fyandex.ru
11:13:38.773 [http-nio-8080-exec-6] ERROR console_logger  - У клиента уже есть пластиковая карта !!
11:13:56.767 [http-nio-8080-exec-7] INFO  console_logger  - ########### ВХОДЯЩИЙ ЗАПРОС НА ОТКРЫТИЕ ПЛАСТИКОВОЙ КАРТЫ ###########
11:13:56.767 [http-nio-8080-exec-7] INFO  console_logger  - runet-id:   7005555
11:13:56.767 [http-nio-8080-exec-7] INFO  console_logger  - url:   http://yandex.ru
11:13:56.768 [http-nio-8080-exec-7] INFO  console_logger  - referer:   http://localhost:8080/card?runet-id=7005555&url=http%3A%2F%2Fyandex.ru
11:13:56.782 [http-nio-8080-exec-7] ERROR console_logger  - У клиента уже есть пластиковая карта !!
11:14:14.759 [http-nio-8080-exec-4] INFO  console_logger  - ########### ВХОДЯЩИЙ ЗАПРОС НА ОТКРЫТИЕ ПЛАСТИКОВОЙ КАРТЫ ###########
11:14:14.760 [http-nio-8080-exec-4] INFO  console_logger  - runet-id:   7005555
11:14:14.761 [http-nio-8080-exec-4] INFO  console_logger  - url:   http://yandex.ru
11:14:14.761 [http-nio-8080-exec-4] INFO  console_logger  - referer:   http://localhost:8080/card?runet-id=7005555&url=http%3A%2F%2Fyandex.ru
11:14:14.774 [http-nio-8080-exec-4] ERROR console_logger  - У клиента уже есть пластиковая карта !!
11:14:33.763 [http-nio-8080-exec-5] INFO  console_logger  - ########### ВХОДЯЩИЙ ЗАПРОС НА ОТКРЫТИЕ ПЛАСТИКОВОЙ КАРТЫ ###########
11:14:33.763 [http-nio-8080-exec-5] INFO  console_logger  - runet-id:   7005555
11:14:33.763 [http-nio-8080-exec-5] INFO  console_logger  - url:   http://yandex.ru
11:14:33.763 [http-nio-8080-exec-5] INFO  console_logger  - referer:   http://localhost:8080/card?runet-id=7005555&url=http%3A%2F%2Fyandex.ru
11:14:33.780 [http-nio-8080-exec-5] ERROR console_logger  - У клиента уже есть пластиковая карта !!
11:14:53.764 [http-nio-8080-exec-3] INFO  console_logger  - ########### ВХОДЯЩИЙ ЗАПРОС НА ОТКРЫТИЕ ПЛАСТИКОВОЙ КАРТЫ ###########
11:14:53.764 [http-nio-8080-exec-3] INFO  console_logger  - runet-id:   7005555
11:14:53.765 [http-nio-8080-exec-3] INFO  console_logger  - url:   http://yandex.ru
11:14:53.765 [http-nio-8080-exec-3] INFO  console_logger  - referer:   http://localhost:8080/card?runet-id=7005555&url=http%3A%2F%2Fyandex.ru
11:14:53.789 [http-nio-8080-exec-3] ERROR console_logger  - У клиента уже есть пластиковая карта !!
11:15:11.771 [http-nio-8080-exec-1] INFO  console_logger  - ########### ВХОДЯЩИЙ ЗАПРОС НА ОТКРЫТИЕ ПЛАСТИКОВОЙ КАРТЫ ###########
11:15:11.772 [http-nio-8080-exec-1] INFO  console_logger  - runet-id:   7005555
11:15:11.772 [http-nio-8080-exec-1] INFO  console_logger  - url:   http://yandex.ru
11:15:11.774 [http-nio-8080-exec-1] INFO  console_logger  - referer:   http://localhost:8080/card?runet-id=7005555&url=http%3A%2F%2Fyandex.ru
11:15:11.792 [http-nio-8080-exec-1] ERROR console_logger  - У клиента уже есть пластиковая карта !!
11:15:30.779 [http-nio-8080-exec-10] INFO  console_logger  - ########### ВХОДЯЩИЙ ЗАПРОС НА ОТКРЫТИЕ ПЛАСТИКОВОЙ КАРТЫ ###########
11:15:30.779 [http-nio-8080-exec-10] INFO  console_logger  - runet-id:   7005555
11:15:30.781 [http-nio-8080-exec-10] INFO  console_logger  - url:   http://yandex.ru
11:15:30.781 [http-nio-8080-exec-10] INFO  console_logger  - referer:   http://localhost:8080/card?runet-id=7005555&url=http%3A%2F%2Fyandex.ru
11:15:30.795 [http-nio-8080-exec-10] ERROR console_logger  - У клиента уже есть пластиковая карта !!
11:15:49.762 [http-nio-8080-exec-2] INFO  console_logger  - ########### ВХОДЯЩИЙ ЗАПРОС НА ОТКРЫТИЕ ПЛАСТИКОВОЙ КАРТЫ ###########
11:15:49.762 [http-nio-8080-exec-2] INFO  console_logger  - runet-id:   7005555
11:15:49.762 [http-nio-8080-exec-2] INFO  console_logger  - url:   http://yandex.ru
11:15:49.762 [http-nio-8080-exec-2] INFO  console_logger  - referer:   http://localhost:8080/card?runet-id=7005555&url=http%3A%2F%2Fyandex.ru
11:15:49.777 [http-nio-8080-exec-2] ERROR console_logger  - У клиента уже есть пластиковая карта !!
11:16:05.773 [http-nio-8080-exec-8] INFO  console_logger  - ########### ВХОДЯЩИЙ ЗАПРОС НА ОТКРЫТИЕ ПЛАСТИКОВОЙ КАРТЫ ###########
11:16:05.775 [http-nio-8080-exec-8] INFO  console_logger  - runet-id:   7005555
11:16:05.778 [http-nio-8080-exec-8] INFO  console_logger  - url:   http://yandex.ru
11:16:05.778 [http-nio-8080-exec-8] INFO  console_logger  - referer:   http://localhost:8080/card?runet-id=7005555&url=http%3A%2F%2Fyandex.ru
11:16:05.799 [http-nio-8080-exec-8] ERROR console_logger  - У клиента уже есть пластиковая карта !!
11:16:21.766 [http-nio-8080-exec-4] INFO  console_logger  - ########### ВХОДЯЩИЙ ЗАПРОС НА ОТКРЫТИЕ ПЛАСТИКОВОЙ КАРТЫ ###########
11:16:21.767 [http-nio-8080-exec-4] INFO  console_logger  - runet-id:   7005555
11:16:21.767 [http-nio-8080-exec-4] INFO  console_logger  - url:   http://yandex.ru
11:16:21.768 [http-nio-8080-exec-4] INFO  console_logger  - referer:   http://localhost:8080/card?runet-id=7005555&url=http%3A%2F%2Fyandex.ru
11:16:21.780 [http-nio-8080-exec-4] ERROR console_logger  - У клиента уже есть пластиковая карта !!
11:16:38.770 [http-nio-8080-exec-6] INFO  console_logger  - ########### ВХОДЯЩИЙ ЗАПРОС НА ОТКРЫТИЕ ПЛАСТИКОВОЙ КАРТЫ ###########
11:16:38.770 [http-nio-8080-exec-6] INFO  console_logger  - runet-id:   7005555
11:16:38.773 [http-nio-8080-exec-6] INFO  console_logger  - url:   http://yandex.ru
11:16:38.773 [http-nio-8080-exec-6] INFO  console_logger  - referer:   http://localhost:8080/card?runet-id=7005555&url=http%3A%2F%2Fyandex.ru
11:16:38.794 [http-nio-8080-exec-6] ERROR console_logger  - У клиента уже есть пластиковая карта !!
11:16:45.768 [http-nio-8080-exec-7] INFO  console_logger  - ########### ВХОДЯЩИЙ ЗАПРОС НА ОТКРЫТИЕ ПЛАСТИКОВОЙ КАРТЫ ###########
11:16:45.769 [http-nio-8080-exec-7] INFO  console_logger  - runet-id:   7005555
11:16:45.769 [http-nio-8080-exec-7] INFO  console_logger  - url:   http://yandex.ru
11:16:45.769 [http-nio-8080-exec-7] INFO  console_logger  - referer:   http://localhost:8080/card?runet-id=7005555&url=http%3A%2F%2Fyandex.ru
11:16:45.795 [http-nio-8080-exec-7] ERROR console_logger  - У клиента уже есть пластиковая карта !!
11:16:52.767 [http-nio-8080-exec-9] INFO  console_logger  - ########### ВХОДЯЩИЙ ЗАПРОС НА ОТКРЫТИЕ ПЛАСТИКОВОЙ КАРТЫ ###########
11:16:52.767 [http-nio-8080-exec-9] INFO  console_logger  - runet-id:   7005555
11:16:52.768 [http-nio-8080-exec-9] INFO  console_logger  - url:   http://yandex.ru
11:16:52.768 [http-nio-8080-exec-9] INFO  console_logger  - referer:   http://localhost:8080/card?runet-id=7005555&url=http%3A%2F%2Fyandex.ru
11:16:52.791 [http-nio-8080-exec-9] ERROR console_logger  - У клиента уже есть пластиковая карта !!
11:17:09.762 [http-nio-8080-exec-10] INFO  console_logger  - ########### ВХОДЯЩИЙ ЗАПРОС НА ОТКРЫТИЕ ПЛАСТИКОВОЙ КАРТЫ ###########
11:17:09.763 [http-nio-8080-exec-10] INFO  console_logger  - runet-id:   7005555
11:17:09.763 [http-nio-8080-exec-10] INFO  console_logger  - url:   http://yandex.ru
11:17:09.764 [http-nio-8080-exec-10] INFO  console_logger  - referer:   http://localhost:8080/card?runet-id=7005555&url=http%3A%2F%2Fyandex.ru
11:17:09.778 [http-nio-8080-exec-10] ERROR console_logger  - У клиента уже есть пластиковая карта !!
11:17:29.769 [http-nio-8080-exec-2] INFO  console_logger  - ########### ВХОДЯЩИЙ ЗАПРОС НА ОТКРЫТИЕ ПЛАСТИКОВОЙ КАРТЫ ###########
11:17:29.770 [http-nio-8080-exec-2] INFO  console_logger  - runet-id:   7005555
11:17:29.772 [http-nio-8080-exec-2] INFO  console_logger  - url:   http://yandex.ru
11:17:29.772 [http-nio-8080-exec-2] INFO  console_logger  - referer:   http://localhost:8080/card?runet-id=7005555&url=http%3A%2F%2Fyandex.ru
11:17:29.794 [http-nio-8080-exec-2] ERROR console_logger  - У клиента уже есть пластиковая карта !!
11:17:53.781 [http-nio-8080-exec-8] INFO  console_logger  - ########### ВХОДЯЩИЙ ЗАПРОС НА ОТКРЫТИЕ ПЛАСТИКОВОЙ КАРТЫ ###########
11:17:53.781 [http-nio-8080-exec-8] INFO  console_logger  - runet-id:   7005555
11:17:53.781 [http-nio-8080-exec-8] INFO  console_logger  - url:   http://yandex.ru
11:17:53.781 [http-nio-8080-exec-8] INFO  console_logger  - referer:   http://localhost:8080/card?runet-id=7005555&url=http%3A%2F%2Fyandex.ru
11:17:53.795 [http-nio-8080-exec-8] ERROR console_logger  - У клиента уже есть пластиковая карта !!
11:18:12.764 [http-nio-8080-exec-5] INFO  console_logger  - ########### ВХОДЯЩИЙ ЗАПРОС НА ОТКРЫТИЕ ПЛАСТИКОВОЙ КАРТЫ ###########
11:18:12.765 [http-nio-8080-exec-5] INFO  console_logger  - runet-id:   7005555
11:18:12.766 [http-nio-8080-exec-5] INFO  console_logger  - url:   http://yandex.ru
11:18:12.766 [http-nio-8080-exec-5] INFO  console_logger  - referer:   http://localhost:8080/card?runet-id=7005555&url=http%3A%2F%2Fyandex.ru
11:18:12.780 [http-nio-8080-exec-5] ERROR console_logger  - У клиента уже есть пластиковая карта !!
11:18:31.769 [http-nio-8080-exec-3] INFO  console_logger  - ########### ВХОДЯЩИЙ ЗАПРОС НА ОТКРЫТИЕ ПЛАСТИКОВОЙ КАРТЫ ###########
11:18:31.770 [http-nio-8080-exec-3] INFO  console_logger  - runet-id:   7005555
11:18:31.770 [http-nio-8080-exec-3] INFO  console_logger  - url:   http://yandex.ru
11:18:31.772 [http-nio-8080-exec-3] INFO  console_logger  - referer:   http://localhost:8080/card?runet-id=7005555&url=http%3A%2F%2Fyandex.ru
11:18:31.790 [http-nio-8080-exec-3] ERROR console_logger  - У клиента уже есть пластиковая карта !!
11:18:49.764 [http-nio-8080-exec-7] INFO  console_logger  - ########### ВХОДЯЩИЙ ЗАПРОС НА ОТКРЫТИЕ ПЛАСТИКОВОЙ КАРТЫ ###########
11:18:49.764 [http-nio-8080-exec-7] INFO  console_logger  - runet-id:   7005555
11:18:49.765 [http-nio-8080-exec-7] INFO  console_logger  - url:   http://yandex.ru
11:18:49.765 [http-nio-8080-exec-7] INFO  console_logger  - referer:   http://localhost:8080/card?runet-id=7005555&url=http%3A%2F%2Fyandex.ru
11:18:49.778 [http-nio-8080-exec-7] ERROR console_logger  - У клиента уже есть пластиковая карта !!
11:19:08.768 [http-nio-8080-exec-5] INFO  console_logger  - ########### ВХОДЯЩИЙ ЗАПРОС НА ОТКРЫТИЕ ПЛАСТИКОВОЙ КАРТЫ ###########
11:19:08.769 [http-nio-8080-exec-5] INFO  console_logger  - runet-id:   7005555
11:19:08.769 [http-nio-8080-exec-5] INFO  console_logger  - url:   http://yandex.ru
11:19:08.769 [http-nio-8080-exec-5] INFO  console_logger  - referer:   http://localhost:8080/card?runet-id=7005555&url=http%3A%2F%2Fyandex.ru
11:19:08.785 [http-nio-8080-exec-5] ERROR console_logger  - У клиента уже есть пластиковая карта !!
11:19:25.766 [http-nio-8080-exec-10] INFO  console_logger  - ########### ВХОДЯЩИЙ ЗАПРОС НА ОТКРЫТИЕ ПЛАСТИКОВОЙ КАРТЫ ###########
11:19:25.766 [http-nio-8080-exec-10] INFO  console_logger  - runet-id:   7005555
11:19:25.767 [http-nio-8080-exec-10] INFO  console_logger  - url:   http://yandex.ru
11:19:25.767 [http-nio-8080-exec-10] INFO  console_logger  - referer:   http://localhost:8080/card?runet-id=7005555&url=http%3A%2F%2Fyandex.ru
11:19:25.780 [http-nio-8080-exec-10] ERROR console_logger  - У клиента уже есть пластиковая карта !!
11:19:43.764 [http-nio-8080-exec-2] INFO  console_logger  - ########### ВХОДЯЩИЙ ЗАПРОС НА ОТКРЫТИЕ ПЛАСТИКОВОЙ КАРТЫ ###########
11:19:43.765 [http-nio-8080-exec-2] INFO  console_logger  - runet-id:   7005555
11:19:43.765 [http-nio-8080-exec-2] INFO  console_logger  - url:   http://yandex.ru
11:19:43.766 [http-nio-8080-exec-2] INFO  console_logger  - referer:   http://localhost:8080/card?runet-id=7005555&url=http%3A%2F%2Fyandex.ru
11:19:43.782 [http-nio-8080-exec-2] ERROR console_logger  - У клиента уже есть пластиковая карта !!
11:20:02.765 [http-nio-8080-exec-9] INFO  console_logger  - ########### ВХОДЯЩИЙ ЗАПРОС НА ОТКРЫТИЕ ПЛАСТИКОВОЙ КАРТЫ ###########
11:20:02.765 [http-nio-8080-exec-9] INFO  console_logger  - runet-id:   7005555
11:20:02.767 [http-nio-8080-exec-9] INFO  console_logger  - url:   http://yandex.ru
11:20:02.767 [http-nio-8080-exec-9] INFO  console_logger  - referer:   http://localhost:8080/card?runet-id=7005555&url=http%3A%2F%2Fyandex.ru
11:20:02.780 [http-nio-8080-exec-9] ERROR console_logger  - У клиента уже есть пластиковая карта !!
11:20:22.777 [http-nio-8080-exec-4] INFO  console_logger  - ########### ВХОДЯЩИЙ ЗАПРОС НА ОТКРЫТИЕ ПЛАСТИКОВОЙ КАРТЫ ###########
11:20:22.777 [http-nio-8080-exec-4] INFO  console_logger  - runet-id:   7005555
11:20:22.777 [http-nio-8080-exec-4] INFO  console_logger  - url:   http://yandex.ru
11:20:22.777 [http-nio-8080-exec-4] INFO  console_logger  - referer:   http://localhost:8080/card?runet-id=7005555&url=http%3A%2F%2Fyandex.ru
11:20:22.793 [http-nio-8080-exec-4] ERROR console_logger  - У клиента уже есть пластиковая карта !!
11:20:42.766 [http-nio-8080-exec-1] INFO  console_logger  - ########### ВХОДЯЩИЙ ЗАПРОС НА ОТКРЫТИЕ ПЛАСТИКОВОЙ КАРТЫ ###########
11:20:42.766 [http-nio-8080-exec-1] INFO  console_logger  - runet-id:   7005555
11:20:42.768 [http-nio-8080-exec-1] INFO  console_logger  - url:   http://yandex.ru
11:20:42.768 [http-nio-8080-exec-1] INFO  console_logger  - referer:   http://localhost:8080/card?runet-id=7005555&url=http%3A%2F%2Fyandex.ru
11:20:42.781 [http-nio-8080-exec-1] ERROR console_logger  - У клиента уже есть пластиковая карта !!
11:21:04.765 [http-nio-8080-exec-8] INFO  console_logger  - ########### ВХОДЯЩИЙ ЗАПРОС НА ОТКРЫТИЕ ПЛАСТИКОВОЙ КАРТЫ ###########
11:21:04.766 [http-nio-8080-exec-8] INFO  console_logger  - runet-id:   7005555
11:21:04.766 [http-nio-8080-exec-8] INFO  console_logger  - url:   http://yandex.ru
11:21:04.767 [http-nio-8080-exec-8] INFO  console_logger  - referer:   http://localhost:8080/card?runet-id=7005555&url=http%3A%2F%2Fyandex.ru
11:21:04.780 [http-nio-8080-exec-8] ERROR console_logger  - У клиента уже есть пластиковая карта !!
11:21:21.762 [http-nio-8080-exec-5] INFO  console_logger  - ########### ВХОДЯЩИЙ ЗАПРОС НА ОТКРЫТИЕ ПЛАСТИКОВОЙ КАРТЫ ###########
11:21:21.762 [http-nio-8080-exec-5] INFO  console_logger  - runet-id:   7005555
11:21:21.763 [http-nio-8080-exec-5] INFO  console_logger  - url:   http://yandex.ru
11:21:21.763 [http-nio-8080-exec-5] INFO  console_logger  - referer:   http://localhost:8080/card?runet-id=7005555&url=http%3A%2F%2Fyandex.ru
11:21:21.774 [http-nio-8080-exec-5] ERROR console_logger  - У клиента уже есть пластиковая карта !!
11:21:39.762 [http-nio-8080-exec-10] INFO  console_logger  - ########### ВХОДЯЩИЙ ЗАПРОС НА ОТКРЫТИЕ ПЛАСТИКОВОЙ КАРТЫ ###########
11:21:39.762 [http-nio-8080-exec-10] INFO  console_logger  - runet-id:   7005555
11:21:39.762 [http-nio-8080-exec-10] INFO  console_logger  - url:   http://yandex.ru
11:21:39.762 [http-nio-8080-exec-10] INFO  console_logger  - referer:   http://localhost:8080/card?runet-id=7005555&url=http%3A%2F%2Fyandex.ru
11:21:39.776 [http-nio-8080-exec-10] ERROR console_logger  - У клиента уже есть пластиковая карта !!
11:21:57.778 [http-nio-8080-exec-2] INFO  console_logger  - ########### ВХОДЯЩИЙ ЗАПРОС НА ОТКРЫТИЕ ПЛАСТИКОВОЙ КАРТЫ ###########
11:21:57.778 [http-nio-8080-exec-2] INFO  console_logger  - runet-id:   7005555
11:21:57.780 [http-nio-8080-exec-2] INFO  console_logger  - url:   http://yandex.ru
11:21:57.780 [http-nio-8080-exec-2] INFO  console_logger  - referer:   http://localhost:8080/card?runet-id=7005555&url=http%3A%2F%2Fyandex.ru
11:21:57.794 [http-nio-8080-exec-2] ERROR console_logger  - У клиента уже есть пластиковая карта !!
11:22:16.761 [http-nio-8080-exec-6] INFO  console_logger  - ########### ВХОДЯЩИЙ ЗАПРОС НА ОТКРЫТИЕ ПЛАСТИКОВОЙ КАРТЫ ###########
11:22:16.761 [http-nio-8080-exec-6] INFO  console_logger  - runet-id:   7005555
11:22:16.761 [http-nio-8080-exec-6] INFO  console_logger  - url:   http://yandex.ru
11:22:16.762 [http-nio-8080-exec-6] INFO  console_logger  - referer:   http://localhost:8080/card?runet-id=7005555&url=http%3A%2F%2Fyandex.ru
11:22:16.777 [http-nio-8080-exec-6] ERROR console_logger  - У клиента уже есть пластиковая карта !!
11:22:35.760 [http-nio-8080-exec-3] INFO  console_logger  - ########### ВХОДЯЩИЙ ЗАПРОС НА ОТКРЫТИЕ ПЛАСТИКОВОЙ КАРТЫ ###########
11:22:35.760 [http-nio-8080-exec-3] INFO  console_logger  - runet-id:   7005555
11:22:35.761 [http-nio-8080-exec-3] INFO  console_logger  - url:   http://yandex.ru
11:22:35.761 [http-nio-8080-exec-3] INFO  console_logger  - referer:   http://localhost:8080/card?runet-id=7005555&url=http%3A%2F%2Fyandex.ru
11:22:35.776 [http-nio-8080-exec-3] ERROR console_logger  - У клиента уже есть пластиковая карта !!
11:22:53.770 [http-nio-8080-exec-7] INFO  console_logger  - ########### ВХОДЯЩИЙ ЗАПРОС НА ОТКРЫТИЕ ПЛАСТИКОВОЙ КАРТЫ ###########
11:22:53.771 [http-nio-8080-exec-7] INFO  console_logger  - runet-id:   7005555
11:22:53.771 [http-nio-8080-exec-7] INFO  console_logger  - url:   http://yandex.ru
11:22:53.771 [http-nio-8080-exec-7] INFO  console_logger  - referer:   http://localhost:8080/card?runet-id=7005555&url=http%3A%2F%2Fyandex.ru
11:22:53.792 [http-nio-8080-exec-7] ERROR console_logger  - У клиента уже есть пластиковая карта !!
11:23:11.781 [http-nio-8080-exec-8] INFO  console_logger  - ########### ВХОДЯЩИЙ ЗАПРОС НА ОТКРЫТИЕ ПЛАСТИКОВОЙ КАРТЫ ###########
11:23:11.781 [http-nio-8080-exec-8] INFO  console_logger  - runet-id:   7005555
11:23:11.783 [http-nio-8080-exec-8] INFO  console_logger  - url:   http://yandex.ru
11:23:11.783 [http-nio-8080-exec-8] INFO  console_logger  - referer:   http://localhost:8080/card?runet-id=7005555&url=http%3A%2F%2Fyandex.ru
11:23:11.799 [http-nio-8080-exec-8] ERROR console_logger  - У клиента уже есть пластиковая карта !!
11:23:33.763 [http-nio-8080-exec-4] INFO  console_logger  - ########### ВХОДЯЩИЙ ЗАПРОС НА ОТКРЫТИЕ ПЛАСТИКОВОЙ КАРТЫ ###########
11:23:33.763 [http-nio-8080-exec-4] INFO  console_logger  - runet-id:   7005555
11:23:33.763 [http-nio-8080-exec-4] INFO  console_logger  - url:   http://yandex.ru
11:23:33.764 [http-nio-8080-exec-4] INFO  console_logger  - referer:   http://localhost:8080/card?runet-id=7005555&url=http%3A%2F%2Fyandex.ru
11:23:33.778 [http-nio-8080-exec-4] ERROR console_logger  - У клиента уже есть пластиковая карта !!
11:23:50.760 [http-nio-8080-exec-10] INFO  console_logger  - ########### ВХОДЯЩИЙ ЗАПРОС НА ОТКРЫТИЕ ПЛАСТИКОВОЙ КАРТЫ ###########
11:23:50.760 [http-nio-8080-exec-10] INFO  console_logger  - runet-id:   7005555
11:23:50.762 [http-nio-8080-exec-10] INFO  console_logger  - url:   http://yandex.ru
11:23:50.762 [http-nio-8080-exec-10] INFO  console_logger  - referer:   http://localhost:8080/card?runet-id=7005555&url=http%3A%2F%2Fyandex.ru
11:23:50.778 [http-nio-8080-exec-10] ERROR console_logger  - У клиента уже есть пластиковая карта !!
11:24:09.776 [http-nio-8080-exec-8] INFO  console_logger  - ########### ВХОДЯЩИЙ ЗАПРОС НА ОТКРЫТИЕ ПЛАСТИКОВОЙ КАРТЫ ###########
11:24:09.777 [http-nio-8080-exec-8] INFO  console_logger  - runet-id:   7005555
11:24:09.777 [http-nio-8080-exec-8] INFO  console_logger  - url:   http://yandex.ru
11:24:09.777 [http-nio-8080-exec-8] INFO  console_logger  - referer:   http://localhost:8080/card?runet-id=7005555&url=http%3A%2F%2Fyandex.ru
11:24:09.793 [http-nio-8080-exec-8] ERROR console_logger  - У клиента уже есть пластиковая карта !!
11:24:30.764 [http-nio-8080-exec-6] INFO  console_logger  - ########### ВХОДЯЩИЙ ЗАПРОС НА ОТКРЫТИЕ ПЛАСТИКОВОЙ КАРТЫ ###########
11:24:30.765 [http-nio-8080-exec-6] INFO  console_logger  - runet-id:   7005555
11:24:30.766 [http-nio-8080-exec-6] INFO  console_logger  - url:   http://yandex.ru
11:24:30.766 [http-nio-8080-exec-6] INFO  console_logger  - referer:   http://localhost:8080/card?runet-id=7005555&url=http%3A%2F%2Fyandex.ru
11:24:30.781 [http-nio-8080-exec-6] ERROR console_logger  - У клиента уже есть пластиковая карта !!
11:24:48.769 [http-nio-8080-exec-10] INFO  console_logger  - ########### ВХОДЯЩИЙ ЗАПРОС НА ОТКРЫТИЕ ПЛАСТИКОВОЙ КАРТЫ ###########
11:24:48.769 [http-nio-8080-exec-10] INFO  console_logger  - runet-id:   7005555
11:24:48.769 [http-nio-8080-exec-10] INFO  console_logger  - url:   http://yandex.ru
11:24:48.772 [http-nio-8080-exec-10] INFO  console_logger  - referer:   http://localhost:8080/card?runet-id=7005555&url=http%3A%2F%2Fyandex.ru
11:24:48.797 [http-nio-8080-exec-10] ERROR console_logger  - У клиента уже есть пластиковая карта !!
11:25:07.779 [http-nio-8080-exec-7] INFO  console_logger  - ########### ВХОДЯЩИЙ ЗАПРОС НА ОТКРЫТИЕ ПЛАСТИКОВОЙ КАРТЫ ###########
11:25:07.780 [http-nio-8080-exec-7] INFO  console_logger  - runet-id:   7005555
11:25:07.781 [http-nio-8080-exec-7] INFO  console_logger  - url:   http://yandex.ru
11:25:07.782 [http-nio-8080-exec-7] INFO  console_logger  - referer:   http://localhost:8080/card?runet-id=7005555&url=http%3A%2F%2Fyandex.ru
11:25:07.799 [http-nio-8080-exec-7] ERROR console_logger  - У клиента уже есть пластиковая карта !!
11:25:27.763 [http-nio-8080-exec-9] INFO  console_logger  - ########### ВХОДЯЩИЙ ЗАПРОС НА ОТКРЫТИЕ ПЛАСТИКОВОЙ КАРТЫ ###########
11:25:27.763 [http-nio-8080-exec-9] INFO  console_logger  - runet-id:   7005555
11:25:27.763 [http-nio-8080-exec-9] INFO  console_logger  - url:   http://yandex.ru
11:25:27.763 [http-nio-8080-exec-9] INFO  console_logger  - referer:   http://localhost:8080/card?runet-id=7005555&url=http%3A%2F%2Fyandex.ru
11:25:27.776 [http-nio-8080-exec-9] ERROR console_logger  - У клиента уже есть пластиковая карта !!
11:25:45.778 [http-nio-8080-exec-4] INFO  console_logger  - ########### ВХОДЯЩИЙ ЗАПРОС НА ОТКРЫТИЕ ПЛАСТИКОВОЙ КАРТЫ ###########
11:25:45.779 [http-nio-8080-exec-4] INFO  console_logger  - runet-id:   7005555
11:25:45.780 [http-nio-8080-exec-4] INFO  console_logger  - url:   http://yandex.ru
11:25:45.780 [http-nio-8080-exec-4] INFO  console_logger  - referer:   http://localhost:8080/card?runet-id=7005555&url=http%3A%2F%2Fyandex.ru
11:25:45.796 [http-nio-8080-exec-4] ERROR console_logger  - У клиента уже есть пластиковая карта !!
11:26:03.766 [http-nio-8080-exec-1] INFO  console_logger  - ########### ВХОДЯЩИЙ ЗАПРОС НА ОТКРЫТИЕ ПЛАСТИКОВОЙ КАРТЫ ###########
11:26:03.766 [http-nio-8080-exec-1] INFO  console_logger  - runet-id:   7005555
11:26:03.766 [http-nio-8080-exec-1] INFO  console_logger  - url:   http://yandex.ru
11:26:03.767 [http-nio-8080-exec-1] INFO  console_logger  - referer:   http://localhost:8080/card?runet-id=7005555&url=http%3A%2F%2Fyandex.ru
11:26:03.782 [http-nio-8080-exec-1] ERROR console_logger  - У клиента уже есть пластиковая карта !!
11:26:12.778 [http-nio-8080-exec-8] INFO  console_logger  - ########### ВХОДЯЩИЙ ЗАПРОС НА ОТКРЫТИЕ ПЛАСТИКОВОЙ КАРТЫ ###########
11:26:12.778 [http-nio-8080-exec-8] INFO  console_logger  - runet-id:   7005555
11:26:12.779 [http-nio-8080-exec-8] INFO  console_logger  - url:   http://yandex.ru
11:26:12.779 [http-nio-8080-exec-8] INFO  console_logger  - referer:   http://localhost:8080/card?runet-id=7005555&url=http%3A%2F%2Fyandex.ru
11:26:12.795 [http-nio-8080-exec-8] ERROR console_logger  - У клиента уже есть пластиковая карта !!
11:26:31.759 [http-nio-8080-exec-3] INFO  console_logger  - ########### ВХОДЯЩИЙ ЗАПРОС НА ОТКРЫТИЕ ПЛАСТИКОВОЙ КАРТЫ ###########
11:26:31.760 [http-nio-8080-exec-3] INFO  console_logger  - runet-id:   7005555
11:26:31.760 [http-nio-8080-exec-3] INFO  console_logger  - url:   http://yandex.ru
11:26:31.760 [http-nio-8080-exec-3] INFO  console_logger  - referer:   http://localhost:8080/card?runet-id=7005555&url=http%3A%2F%2Fyandex.ru
11:26:31.771 [http-nio-8080-exec-3] ERROR console_logger  - У клиента уже есть пластиковая карта !!
11:26:38.763 [http-nio-8080-exec-10] INFO  console_logger  - ########### ВХОДЯЩИЙ ЗАПРОС НА ОТКРЫТИЕ ПЛАСТИКОВОЙ КАРТЫ ###########
11:26:38.764 [http-nio-8080-exec-10] INFO  console_logger  - runet-id:   7005555
11:26:38.765 [http-nio-8080-exec-10] INFO  console_logger  - url:   http://yandex.ru
11:26:38.765 [http-nio-8080-exec-10] INFO  console_logger  - referer:   http://localhost:8080/card?runet-id=7005555&url=http%3A%2F%2Fyandex.ru
11:26:38.780 [http-nio-8080-exec-10] ERROR console_logger  - У клиента уже есть пластиковая карта !!
11:26:45.766 [http-nio-8080-exec-8] INFO  console_logger  - ########### ВХОДЯЩИЙ ЗАПРОС НА ОТКРЫТИЕ ПЛАСТИКОВОЙ КАРТЫ ###########
11:26:45.767 [http-nio-8080-exec-8] INFO  console_logger  - runet-id:   7005555
11:26:45.767 [http-nio-8080-exec-8] INFO  console_logger  - url:   http://yandex.ru
11:26:45.770 [http-nio-8080-exec-8] INFO  console_logger  - referer:   http://localhost:8080/card?runet-id=7005555&url=http%3A%2F%2Fyandex.ru
11:26:45.791 [http-nio-8080-exec-8] ERROR console_logger  - У клиента уже есть пластиковая карта !!
11:27:02.766 [http-nio-8080-exec-5] INFO  console_logger  - ########### ВХОДЯЩИЙ ЗАПРОС НА ОТКРЫТИЕ ПЛАСТИКОВОЙ КАРТЫ ###########
11:27:02.767 [http-nio-8080-exec-5] INFO  console_logger  - runet-id:   7005555
11:27:02.768 [http-nio-8080-exec-5] INFO  console_logger  - url:   http://yandex.ru
11:27:02.768 [http-nio-8080-exec-5] INFO  console_logger  - referer:   http://localhost:8080/card?runet-id=7005555&url=http%3A%2F%2Fyandex.ru
11:27:02.787 [http-nio-8080-exec-5] ERROR console_logger  - У клиента уже есть пластиковая карта !!
11:27:20.764 [http-nio-8080-exec-6] INFO  console_logger  - ########### ВХОДЯЩИЙ ЗАПРОС НА ОТКРЫТИЕ ПЛАСТИКОВОЙ КАРТЫ ###########
11:27:20.764 [http-nio-8080-exec-6] INFO  console_logger  - runet-id:   7005555
11:27:20.764 [http-nio-8080-exec-6] INFO  console_logger  - url:   http://yandex.ru
11:27:20.764 [http-nio-8080-exec-6] INFO  console_logger  - referer:   http://localhost:8080/card?runet-id=7005555&url=http%3A%2F%2Fyandex.ru
11:27:20.776 [http-nio-8080-exec-6] ERROR console_logger  - У клиента уже есть пластиковая карта !!
11:27:38.769 [http-nio-8080-exec-8] INFO  console_logger  - ########### ВХОДЯЩИЙ ЗАПРОС НА ОТКРЫТИЕ ПЛАСТИКОВОЙ КАРТЫ ###########
11:27:38.770 [http-nio-8080-exec-8] INFO  console_logger  - runet-id:   7005555
11:27:38.771 [http-nio-8080-exec-8] INFO  console_logger  - url:   http://yandex.ru
11:27:38.771 [http-nio-8080-exec-8] INFO  console_logger  - referer:   http://localhost:8080/card?runet-id=7005555&url=http%3A%2F%2Fyandex.ru
11:27:38.785 [http-nio-8080-exec-8] ERROR console_logger  - У клиента уже есть пластиковая карта !!
11:27:54.767 [http-nio-8080-exec-5] INFO  console_logger  - ########### ВХОДЯЩИЙ ЗАПРОС НА ОТКРЫТИЕ ПЛАСТИКОВОЙ КАРТЫ ###########
11:27:54.767 [http-nio-8080-exec-5] INFO  console_logger  - runet-id:   7005555
11:27:54.767 [http-nio-8080-exec-5] INFO  console_logger  - url:   http://yandex.ru
11:27:54.768 [http-nio-8080-exec-5] INFO  console_logger  - referer:   http://localhost:8080/card?runet-id=7005555&url=http%3A%2F%2Fyandex.ru
11:27:54.780 [http-nio-8080-exec-5] ERROR console_logger  - У клиента уже есть пластиковая карта !!
11:28:30.765 [http-nio-8080-exec-6] INFO  console_logger  - ########### ВХОДЯЩИЙ ЗАПРОС НА ОТКРЫТИЕ ПЛАСТИКОВОЙ КАРТЫ ###########
11:28:30.766 [http-nio-8080-exec-6] INFO  console_logger  - runet-id:   7005555
11:28:30.768 [http-nio-8080-exec-6] INFO  console_logger  - url:   http://yandex.ru
11:28:30.768 [http-nio-8080-exec-6] INFO  console_logger  - referer:   http://localhost:8080/card?runet-id=7005555&url=http%3A%2F%2Fyandex.ru
11:28:30.782 [http-nio-8080-exec-6] ERROR console_logger  - У клиента уже есть пластиковая карта !!
11:28:48.764 [http-nio-8080-exec-7] INFO  console_logger  - ########### ВХОДЯЩИЙ ЗАПРОС НА ОТКРЫТИЕ ПЛАСТИКОВОЙ КАРТЫ ###########
11:28:48.764 [http-nio-8080-exec-7] INFO  console_logger  - runet-id:   7005555
11:28:48.764 [http-nio-8080-exec-7] INFO  console_logger  - url:   http://yandex.ru
11:28:48.764 [http-nio-8080-exec-7] INFO  console_logger  - referer:   http://localhost:8080/card?runet-id=7005555&url=http%3A%2F%2Fyandex.ru
11:28:48.778 [http-nio-8080-exec-7] ERROR console_logger  - У клиента уже есть пластиковая карта !!
11:29:06.764 [http-nio-8080-exec-5] INFO  console_logger  - ########### ВХОДЯЩИЙ ЗАПРОС НА ОТКРЫТИЕ ПЛАСТИКОВОЙ КАРТЫ ###########
11:29:06.764 [http-nio-8080-exec-5] INFO  console_logger  - runet-id:   7005555
11:29:06.765 [http-nio-8080-exec-5] INFO  console_logger  - url:   http://yandex.ru
11:29:06.765 [http-nio-8080-exec-5] INFO  console_logger  - referer:   http://localhost:8080/card?runet-id=7005555&url=http%3A%2F%2Fyandex.ru
11:29:06.779 [http-nio-8080-exec-5] ERROR console_logger  - У клиента уже есть пластиковая карта !!
11:29:25.761 [http-nio-8080-exec-6] INFO  console_logger  - ########### ВХОДЯЩИЙ ЗАПРОС НА ОТКРЫТИЕ ПЛАСТИКОВОЙ КАРТЫ ###########
11:29:25.762 [http-nio-8080-exec-6] INFO  console_logger  - runet-id:   7005555
11:29:25.762 [http-nio-8080-exec-6] INFO  console_logger  - url:   http://yandex.ru
11:29:25.764 [http-nio-8080-exec-6] INFO  console_logger  - referer:   http://localhost:8080/card?runet-id=7005555&url=http%3A%2F%2Fyandex.ru
11:29:25.785 [http-nio-8080-exec-6] ERROR console_logger  - У клиента уже есть пластиковая карта !!
11:29:44.759 [http-nio-8080-exec-7] INFO  console_logger  - ########### ВХОДЯЩИЙ ЗАПРОС НА ОТКРЫТИЕ ПЛАСТИКОВОЙ КАРТЫ ###########
11:29:44.759 [http-nio-8080-exec-7] INFO  console_logger  - runet-id:   7005555
11:29:44.760 [http-nio-8080-exec-7] INFO  console_logger  - url:   http://yandex.ru
11:29:44.760 [http-nio-8080-exec-7] INFO  console_logger  - referer:   http://localhost:8080/card?runet-id=7005555&url=http%3A%2F%2Fyandex.ru
11:29:44.776 [http-nio-8080-exec-7] ERROR console_logger  - У клиента уже есть пластиковая карта !!
11:30:01.773 [http-nio-8080-exec-5] INFO  console_logger  - ########### ВХОДЯЩИЙ ЗАПРОС НА ОТКРЫТИЕ ПЛАСТИКОВОЙ КАРТЫ ###########
11:30:01.774 [http-nio-8080-exec-5] INFO  console_logger  - runet-id:   7005555
11:30:01.774 [http-nio-8080-exec-5] INFO  console_logger  - url:   http://yandex.ru
11:30:01.774 [http-nio-8080-exec-5] INFO  console_logger  - referer:   http://localhost:8080/card?runet-id=7005555&url=http%3A%2F%2Fyandex.ru
11:30:01.790 [http-nio-8080-exec-5] ERROR console_logger  - У клиента уже есть пластиковая карта !!
11:30:19.779 [http-nio-8080-exec-8] INFO  console_logger  - ########### ВХОДЯЩИЙ ЗАПРОС НА ОТКРЫТИЕ ПЛАСТИКОВОЙ КАРТЫ ###########
11:30:19.780 [http-nio-8080-exec-8] INFO  console_logger  - runet-id:   7005555
11:30:19.781 [http-nio-8080-exec-8] INFO  console_logger  - url:   http://yandex.ru
11:30:19.781 [http-nio-8080-exec-8] INFO  console_logger  - referer:   http://localhost:8080/card?runet-id=7005555&url=http%3A%2F%2Fyandex.ru
11:30:19.798 [http-nio-8080-exec-8] ERROR console_logger  - У клиента уже есть пластиковая карта !!
11:30:38.767 [http-nio-8080-exec-6] INFO  console_logger  - ########### ВХОДЯЩИЙ ЗАПРОС НА ОТКРЫТИЕ ПЛАСТИКОВОЙ КАРТЫ ###########
11:30:38.767 [http-nio-8080-exec-6] INFO  console_logger  - runet-id:   7005555
11:30:38.767 [http-nio-8080-exec-6] INFO  console_logger  - url:   http://yandex.ru
11:30:38.768 [http-nio-8080-exec-6] INFO  console_logger  - referer:   http://localhost:8080/card?runet-id=7005555&url=http%3A%2F%2Fyandex.ru
11:30:38.784 [http-nio-8080-exec-6] ERROR console_logger  - У клиента уже есть пластиковая карта !!
11:30:56.766 [http-nio-8080-exec-5] INFO  console_logger  - ########### ВХОДЯЩИЙ ЗАПРОС НА ОТКРЫТИЕ ПЛАСТИКОВОЙ КАРТЫ ###########
11:30:56.766 [http-nio-8080-exec-5] INFO  console_logger  - runet-id:   7005555
11:30:56.767 [http-nio-8080-exec-5] INFO  console_logger  - url:   http://yandex.ru
11:30:56.767 [http-nio-8080-exec-5] INFO  console_logger  - referer:   http://localhost:8080/card?runet-id=7005555&url=http%3A%2F%2Fyandex.ru
11:30:56.779 [http-nio-8080-exec-5] ERROR console_logger  - У клиента уже есть пластиковая карта !!
11:31:12.765 [http-nio-8080-exec-8] INFO  console_logger  - ########### ВХОДЯЩИЙ ЗАПРОС НА ОТКРЫТИЕ ПЛАСТИКОВОЙ КАРТЫ ###########
11:31:12.766 [http-nio-8080-exec-8] INFO  console_logger  - runet-id:   7005555
11:31:12.766 [http-nio-8080-exec-8] INFO  console_logger  - url:   http://yandex.ru
11:31:12.766 [http-nio-8080-exec-8] INFO  console_logger  - referer:   http://localhost:8080/card?runet-id=7005555&url=http%3A%2F%2Fyandex.ru
11:31:12.779 [http-nio-8080-exec-8] ERROR console_logger  - У клиента уже есть пластиковая карта !!
11:31:31.765 [http-nio-8080-exec-6] INFO  console_logger  - ########### ВХОДЯЩИЙ ЗАПРОС НА ОТКРЫТИЕ ПЛАСТИКОВОЙ КАРТЫ ###########
11:31:31.765 [http-nio-8080-exec-6] INFO  console_logger  - runet-id:   7005555
11:31:31.767 [http-nio-8080-exec-6] INFO  console_logger  - url:   http://yandex.ru
11:31:31.767 [http-nio-8080-exec-6] INFO  console_logger  - referer:   http://localhost:8080/card?runet-id=7005555&url=http%3A%2F%2Fyandex.ru
11:31:31.779 [http-nio-8080-exec-6] ERROR console_logger  - У клиента уже есть пластиковая карта !!
11:31:48.762 [http-nio-8080-exec-10] INFO  console_logger  - ########### ВХОДЯЩИЙ ЗАПРОС НА ОТКРЫТИЕ ПЛАСТИКОВОЙ КАРТЫ ###########
11:31:48.762 [http-nio-8080-exec-10] INFO  console_logger  - runet-id:   7005555
11:31:48.762 [http-nio-8080-exec-10] INFO  console_logger  - url:   http://yandex.ru
11:31:48.763 [http-nio-8080-exec-10] INFO  console_logger  - referer:   http://localhost:8080/card?runet-id=7005555&url=http%3A%2F%2Fyandex.ru
11:31:48.775 [http-nio-8080-exec-10] ERROR console_logger  - У клиента уже есть пластиковая карта !!
11:32:06.771 [http-nio-8080-exec-8] INFO  console_logger  - ########### ВХОДЯЩИЙ ЗАПРОС НА ОТКРЫТИЕ ПЛАСТИКОВОЙ КАРТЫ ###########
11:32:06.772 [http-nio-8080-exec-8] INFO  console_logger  - runet-id:   7005555
11:32:06.774 [http-nio-8080-exec-8] INFO  console_logger  - url:   http://yandex.ru
11:32:06.774 [http-nio-8080-exec-8] INFO  console_logger  - referer:   http://localhost:8080/card?runet-id=7005555&url=http%3A%2F%2Fyandex.ru
11:32:06.790 [http-nio-8080-exec-8] ERROR console_logger  - У клиента уже есть пластиковая карта !!
11:32:23.767 [http-nio-8080-exec-6] INFO  console_logger  - ########### ВХОДЯЩИЙ ЗАПРОС НА ОТКРЫТИЕ ПЛАСТИКОВОЙ КАРТЫ ###########
11:32:23.767 [http-nio-8080-exec-6] INFO  console_logger  - runet-id:   7005555
11:32:23.767 [http-nio-8080-exec-6] INFO  console_logger  - url:   http://yandex.ru
11:32:23.767 [http-nio-8080-exec-6] INFO  console_logger  - referer:   http://localhost:8080/card?runet-id=7005555&url=http%3A%2F%2Fyandex.ru
11:32:23.779 [http-nio-8080-exec-6] ERROR console_logger  - У клиента уже есть пластиковая карта !!
11:32:40.772 [http-nio-8080-exec-1] INFO  console_logger  - ########### ВХОДЯЩИЙ ЗАПРОС НА ОТКРЫТИЕ ПЛАСТИКОВОЙ КАРТЫ ###########
11:32:40.772 [http-nio-8080-exec-1] INFO  console_logger  - runet-id:   7005555
11:32:40.774 [http-nio-8080-exec-1] INFO  console_logger  - url:   http://yandex.ru
11:32:40.774 [http-nio-8080-exec-1] INFO  console_logger  - referer:   http://localhost:8080/card?runet-id=7005555&url=http%3A%2F%2Fyandex.ru
11:32:40.789 [http-nio-8080-exec-1] ERROR console_logger  - У клиента уже есть пластиковая карта !!
11:32:56.767 [http-nio-8080-exec-5] INFO  console_logger  - ########### ВХОДЯЩИЙ ЗАПРОС НА ОТКРЫТИЕ ПЛАСТИКОВОЙ КАРТЫ ###########
11:32:56.767 [http-nio-8080-exec-5] INFO  console_logger  - runet-id:   7005555
11:32:56.767 [http-nio-8080-exec-5] INFO  console_logger  - url:   http://yandex.ru
11:32:56.769 [http-nio-8080-exec-5] INFO  console_logger  - referer:   http://localhost:8080/card?runet-id=7005555&url=http%3A%2F%2Fyandex.ru
11:32:56.783 [http-nio-8080-exec-5] ERROR console_logger  - У клиента уже есть пластиковая карта !!
11:33:13.759 [http-nio-8080-exec-6] INFO  console_logger  - ########### ВХОДЯЩИЙ ЗАПРОС НА ОТКРЫТИЕ ПЛАСТИКОВОЙ КАРТЫ ###########
11:33:13.759 [http-nio-8080-exec-6] INFO  console_logger  - runet-id:   7005555
11:33:13.760 [http-nio-8080-exec-6] INFO  console_logger  - url:   http://yandex.ru
11:33:13.760 [http-nio-8080-exec-6] INFO  console_logger  - referer:   http://localhost:8080/card?runet-id=7005555&url=http%3A%2F%2Fyandex.ru
11:33:13.776 [http-nio-8080-exec-6] ERROR console_logger  - У клиента уже есть пластиковая карта !!
11:33:32.776 [http-nio-8080-exec-1] INFO  console_logger  - ########### ВХОДЯЩИЙ ЗАПРОС НА ОТКРЫТИЕ ПЛАСТИКОВОЙ КАРТЫ ###########
11:33:32.777 [http-nio-8080-exec-1] INFO  console_logger  - runet-id:   7005555
11:33:32.777 [http-nio-8080-exec-1] INFO  console_logger  - url:   http://yandex.ru
11:33:32.777 [http-nio-8080-exec-1] INFO  console_logger  - referer:   http://localhost:8080/card?runet-id=7005555&url=http%3A%2F%2Fyandex.ru
11:33:32.792 [http-nio-8080-exec-1] ERROR console_logger  - У клиента уже есть пластиковая карта !!
11:33:51.762 [http-nio-8080-exec-5] INFO  console_logger  - ########### ВХОДЯЩИЙ ЗАПРОС НА ОТКРЫТИЕ ПЛАСТИКОВОЙ КАРТЫ ###########
