{
  "timestamp" : "2019-04-04 - 14:13:13.221Z",
  "level" : "INFO",
  "thread" : "restartedMain",
  "logger" : "club.Application",
  "message" : "Starting Application on DESKTOP-DECTVLC with PID 279732 (C:\\CODING\\GIT\\TemperatureREST\\target\\classes started by Anton Romanov in C:\\CODING\\GIT\\TemperatureREST)",
  "context" : "default"
}
{
  "timestamp" : "2019-04-04 - 14:13:13.295Z",
  "level" : "INFO",
  "thread" : "restartedMain",
  "logger" : "club.Application",
  "message" : "No active profile set, falling back to default profiles: default",
  "context" : "default"
}
{
  "timestamp" : "2019-04-04 - 14:13:28.792Z",
  "level" : "INFO",
  "thread" : "restartedMain",
  "logger" : "club.Application",
  "message" : "Started Application in 16.212 seconds (JVM running for 21.647)",
  "context" : "default"
}
