2019-03-19 14:57:50.789  INFO 39288 --- [restartedMain] club.Application                         : Starting Application on DESKTOP-DECTVLC with PID 39288 (C:\CODING\GIT\rif\target\classes started by Anton Romanov in C:\CODING\GIT\rif)
2019-03-19 14:57:50.797  INFO 39288 --- [restartedMain] club.Application                         : No active profile set, falling back to default profiles: default
2019-03-19 14:57:50.878  INFO 39288 --- [restartedMain] .e.DevToolsPropertyDefaultsPostProcessor : Devtools property defaults active! Set 'spring.devtools.add-properties' to 'false' to disable
2019-03-19 14:57:50.879  INFO 39288 --- [restartedMain] .e.DevToolsPropertyDefaultsPostProcessor : For additional web related logging consider setting the 'logging.level.web' property to 'DEBUG'
2019-03-19 14:57:51.898  INFO 39288 --- [restartedMain] .s.d.r.c.RepositoryConfigurationDelegate : Bootstrapping Spring Data repositories in DEFAULT mode.
2019-03-19 14:57:51.956  INFO 39288 --- [restartedMain] .s.d.r.c.RepositoryConfigurationDelegate : Finished Spring Data repository scanning in 52ms. Found 2 repository interfaces.
2019-03-19 14:57:52.251  INFO 39288 --- [restartedMain] trationDelegate$BeanPostProcessorChecker : Bean 'org.springframework.transaction.annotation.ProxyTransactionManagementConfiguration' of type [org.springframework.transaction.annotation.ProxyTransactionManagementConfiguration$$EnhancerBySpringCGLIB$$cf837d65] is not eligible for getting processed by all BeanPostProcessors (for example: not eligible for auto-proxying)
2019-03-19 14:57:52.273  INFO 39288 --- [restartedMain] trationDelegate$BeanPostProcessorChecker : Bean 'org.springframework.hateoas.config.HateoasConfiguration' of type [org.springframework.hateoas.config.HateoasConfiguration$$EnhancerBySpringCGLIB$$4f03ca97] is not eligible for getting processed by all BeanPostProcessors (for example: not eligible for auto-proxying)
2019-03-19 14:57:52.807  INFO 39288 --- [restartedMain] o.s.b.w.embedded.tomcat.TomcatWebServer  : Tomcat initialized with port(s): 8080 (http)
2019-03-19 14:57:52.827  INFO 39288 --- [restartedMain] o.apache.catalina.core.StandardService   : Starting service [Tomcat]
2019-03-19 14:57:52.828  INFO 39288 --- [restartedMain] org.apache.catalina.core.StandardEngine  : Starting Servlet engine: [Apache Tomcat/9.0.16]
2019-03-19 14:57:52.834  INFO 39288 --- [restartedMain] o.a.catalina.core.AprLifecycleListener   : The APR based Apache Tomcat Native library which allows optimal performance in production environments was not found on the java.library.path: [C:\Program Files\Java\jdk1.8.0_201\bin;C:\windows\Sun\Java\bin;C:\windows\system32;C:\windows;C:\Program Files (x86)\Common Files\Oracle\Java\javapath;C:\Program Files (x86)\Intel\Intel(R) Management Engine Components\iCLS\;C:\Program Files\Intel\Intel(R) Management Engine Components\iCLS\;C:\windows\system32;C:\windows;C:\windows\System32\Wbem;C:\windows\System32\WindowsPowerShell\v1.0\;C:\windows\System32\OpenSSH\;C:\Program Files\Intel\WiFi\bin\;C:\Program Files\Common Files\Intel\WirelessCommon\;C:\Program Files (x86)\Intel\Intel(R) Management Engine Components\DAL;C:\Program Files\Intel\Intel(R) Management Engine Components\DAL;C:\Program Files (x86)\Intel\Intel(R) Management Engine Components\IPT;C:\Program Files\Intel\Intel(R) Management Engine Components\IPT;C:\Program Files\Git\cmd;C:\opt\Maven\bin;C:\PostgreSQL\pg10\bin;C:\Program Files\PuTTY\;C:\Program Files\nodejs\;C:\Program Files\TortoiseGit\bin;C:\Program Files (x86)\Meld;C:\Program Files\SourceGear\Common\DiffMerge\;C:\Program Files (x86)\Bitvise SSH Client;C:\Users\Anton Romanov\AppData\Local\Microsoft\WindowsApps;C:\Program Files\Java\jdk1.8.0_201\bin;C:\Users\Anton Romanov\AppData\Roaming\npm;;.]
2019-03-19 14:57:52.998  INFO 39288 --- [restartedMain] org.apache.jasper.servlet.TldScanner     : At least one JAR was scanned for TLDs yet contained no TLDs. Enable debug logging for this logger for a complete list of JARs that were scanned but no TLDs were found in them. Skipping unneeded JARs during scanning can improve startup time and JSP compilation time.
2019-03-19 14:57:53.002  INFO 39288 --- [restartedMain] o.a.c.c.C.[Tomcat].[localhost].[/]       : Initializing Spring embedded WebApplicationContext
2019-03-19 14:57:53.002  INFO 39288 --- [restartedMain] o.s.web.context.ContextLoader            : Root WebApplicationContext: initialization completed in 2123 ms
2019-03-19 14:57:53.242  INFO 39288 --- [restartedMain] com.zaxxer.hikari.HikariDataSource       : HikariPool-1 - Starting...
2019-03-19 14:57:53.515  INFO 39288 --- [restartedMain] hsqldb.db.HSQLDB6976F948F3.ENGINE        : checkpointClose start
2019-03-19 14:57:53.516  INFO 39288 --- [restartedMain] hsqldb.db.HSQLDB6976F948F3.ENGINE        : checkpointClose synched
2019-03-19 14:57:53.534  INFO 39288 --- [restartedMain] hsqldb.db.HSQLDB6976F948F3.ENGINE        : checkpointClose script done
2019-03-19 14:57:53.559  INFO 39288 --- [restartedMain] hsqldb.db.HSQLDB6976F948F3.ENGINE        : checkpointClose end
2019-03-19 14:57:53.565  INFO 39288 --- [restartedMain] com.zaxxer.hikari.pool.PoolBase          : HikariPool-1 - Driver does not support get/set network timeout for connections. (feature not supported)
2019-03-19 14:57:53.569  INFO 39288 --- [restartedMain] com.zaxxer.hikari.HikariDataSource       : HikariPool-1 - Start completed.
2019-03-19 14:57:53.628  INFO 39288 --- [restartedMain] o.hibernate.jpa.internal.util.LogHelper  : HHH000204: Processing PersistenceUnitInfo [
	name: default
	...]
2019-03-19 14:57:53.702  INFO 39288 --- [restartedMain] org.hibernate.Version                    : HHH000412: Hibernate Core {5.3.7.Final}
2019-03-19 14:57:53.703  INFO 39288 --- [restartedMain] org.hibernate.cfg.Environment            : HHH000206: hibernate.properties not found
2019-03-19 14:57:53.863  INFO 39288 --- [restartedMain] o.hibernate.annotations.common.Version   : HCANN000001: Hibernate Commons Annotations {5.0.4.Final}
2019-03-19 14:57:54.005  INFO 39288 --- [restartedMain] org.hibernate.dialect.Dialect            : HHH000400: Using dialect: org.hibernate.dialect.HSQLDialect
2019-03-19 14:57:54.590  INFO 39288 --- [restartedMain] j.LocalContainerEntityManagerFactoryBean : Initialized JPA EntityManagerFactory for persistence unit 'default'
2019-03-19 14:57:54.655  INFO 39288 --- [restartedMain] o.s.b.d.a.OptionalLiveReloadServer       : LiveReload server is running on port 35729
2019-03-19 14:57:54.914  INFO 39288 --- [restartedMain] o.h.h.i.QueryTranslatorFactoryInitiator  : HHH000397: Using ASTQueryTranslatorFactory
2019-03-19 14:57:56.283  INFO 39288 --- [restartedMain] o.s.s.concurrent.ThreadPoolTaskExecutor  : Initializing ExecutorService 'applicationTaskExecutor'
2019-03-19 14:57:56.325  WARN 39288 --- [restartedMain] aWebConfiguration$JpaWebMvcConfiguration : spring.jpa.open-in-view is enabled by default. Therefore, database queries may be performed during view rendering. Explicitly configure spring.jpa.open-in-view to disable this warning
2019-03-19 14:57:56.472  INFO 39288 --- [restartedMain] o.s.b.a.w.s.WelcomePageHandlerMapping    : Adding welcome page template: index
2019-03-19 14:57:56.749  INFO 39288 --- [restartedMain] o.s.b.w.embedded.tomcat.TomcatWebServer  : Tomcat started on port(s): 8080 (http) with context path ''
2019-03-19 14:57:56.753  INFO 39288 --- [restartedMain] club.Application                         : Started Application in 6.388 seconds (JVM running for 7.338)
2019-03-19 14:59:09.902  INFO 39288 --- [http-nio-8080-exec-2] o.a.c.c.C.[Tomcat].[localhost].[/]       : Initializing Spring DispatcherServlet 'dispatcherServlet'
2019-03-19 14:59:09.902  INFO 39288 --- [http-nio-8080-exec-2] o.s.web.servlet.DispatcherServlet        : Initializing Servlet 'dispatcherServlet'
2019-03-19 14:59:09.918  INFO 39288 --- [http-nio-8080-exec-2] o.s.web.servlet.DispatcherServlet        : Completed initialization in 15 ms
2019-03-19 14:59:10.008 DEBUG 39288 --- [http-nio-8080-exec-2] club.P2PController                       : ########### UPDATE ENTRY IN DB AFTER ABS PUSH - OK ###########
2019-03-19 14:59:10.009 DEBUG 39288 --- [http-nio-8080-exec-2] club.P2PController                       : STATE:   APPROVED
2019-03-19 14:59:10.009 DEBUG 39288 --- [http-nio-8080-exec-2] club.P2PController                       : ORDER_ID:   P2P-1552563825556
2019-03-19 14:59:10.009 DEBUG 39288 --- [http-nio-8080-exec-2] club.P2PController                       : CURRENT TIMESTAMP:   2019-03-19 14:59:10.006
2019-03-19 14:59:10.055 DEBUG 39288 --- [http-nio-8080-exec-2] club.RifRestTool                         : ########### SEND REQUEST ###########
2019-03-19 14:59:10.055 DEBUG 39288 --- [http-nio-8080-exec-2] club.RifRestTool                         : METHOD:   POST
2019-03-19 14:59:10.055 DEBUG 39288 --- [http-nio-8080-exec-2] club.RifRestTool                         : URL:      https://pay.runet-id.com/callback/apibank
2019-03-19 14:59:10.056 DEBUG 39288 --- [http-nio-8080-exec-2] club.RifRestTool                         : HEADERS:  
2019-03-19 14:59:10.057 DEBUG 39288 --- [http-nio-8080-exec-2] club.RifRestTool                         : Content-Type: application/json
2019-03-19 14:59:10.057 DEBUG 39288 --- [http-nio-8080-exec-2] club.RifRestTool                         : Cache-Control: no-cache
2019-03-19 14:59:10.057 DEBUG 39288 --- [http-nio-8080-exec-2] club.RifRestTool                         : REQUEST:    {"TYPE":"P2P","RUNET-ID":"123456789","client_id":"145","ean":"1000101593509","amount":"288.00"}
